2022-12-24T10:05:14.844Z - [INFO   ] - Server is running at http://localhost:5000
2022-12-24T13:32:48.894Z - [INFO   ] - Server is running at http://localhost:5000
2022-12-24T13:35:58.102Z - [INFO   ] - Server is running at http://localhost:5000
2022-12-24T13:37:46.626Z - [INFO   ] - Server is running at http://localhost:5000
2022-12-24T13:38:24.488Z - [INFO   ] - Server is running at http://localhost:5000
2022-12-24T13:38:54.671Z - [INFO   ] - Server is running at http://localhost:5000
2022-12-24T13:46:46.011Z - [INFO   ] - Server is running at http://localhost:5000
2022-12-24T13:47:35.675Z - [INFO   ] - Server is running at http://localhost:5000
2022-12-24T14:04:31.701Z - [INFO   ] - Server is running at http://localhost:5000
2022-12-26T04:57:16.744Z - [INFO   ] - Server is running at http://localhost:5000
2022-12-26T05:42:01.670Z - [ERROR  ] - read ETIMEDOUT
2022-12-26T05:42:01.673Z - [ERROR  ] - read ETIMEDOUT
2022-12-26T05:42:01.675Z - [ERROR  ] - read ETIMEDOUT
2022-12-26T05:42:01.677Z - [ERROR  ] - read ETIMEDOUT
2022-12-26T05:42:01.678Z - [ERROR  ] - read ETIMEDOUT
2022-12-26T05:42:01.680Z - [ERROR  ] - read ETIMEDOUT
2022-12-26T05:42:01.681Z - [ERROR  ] - read ETIMEDOUT
2022-12-26T05:42:01.683Z - [ERROR  ] - read ETIMEDOUT
2022-12-26T05:42:01.684Z - [ERROR  ] - read ETIMEDOUT
2022-12-26T05:42:01.686Z - [ERROR  ] - read ETIMEDOUT
2022-12-26T05:42:01.687Z - [ERROR  ] - read ETIMEDOUT
2022-12-26T05:42:01.689Z - [ERROR  ] - read ETIMEDOUT
2022-12-26T05:42:01.691Z - [ERROR  ] - read ETIMEDOUT
2022-12-26T05:42:31.608Z - [ERROR  ] - Cannot enqueue Query after fatal error.
2022-12-26T05:42:43.764Z - [ERROR  ] - Cannot enqueue Query after fatal error.
2022-12-26T05:42:44.961Z - [ERROR  ] - Cannot enqueue Query after fatal error.
2022-12-26T05:42:55.196Z - [INFO   ] - Server is running at http://localhost:5000
2022-12-26T06:14:56.232Z - [INFO   ] - Server is running at http://localhost:5000
2022-12-26T06:15:11.936Z - [INFO   ] - Server is running at http://localhost:5000
2022-12-26T06:15:56.586Z - [INFO   ] - Server is running at http://localhost:5000
2022-12-26T06:16:21.921Z - [ERROR  ] - Invalid login: 535-5.7.8 Username and Password not accepted. Learn more at
535 5.7.8  https://support.google.com/mail/?p=BadCredentials t9-20020a1709027fc900b00172b87d9770sm6227628plb.81 - gsmtp
2022-12-26T06:21:10.190Z - [INFO   ] - Server is running at http://localhost:5000
2022-12-26T06:21:18.773Z - [ERROR  ] - Invalid login: 535-5.7.8 Username and Password not accepted. Learn more at
535 5.7.8  https://support.google.com/mail/?p=BadCredentials m9-20020a654c89000000b0047063eb4098sm5757672pgt.37 - gsmtp
2022-12-26T06:23:56.591Z - [INFO   ] - Server is running at http://localhost:5000
2022-12-26T06:24:17.478Z - [ERROR  ] - Invalid login: 534-5.7.9 Application-specific password required. Learn more at
534 5.7.9  https://support.google.com/mail/?p=InvalidSecondFactor k1-20020a17090a148100b00218998eb828sm7913652pja.45 - gsmtp
2022-12-26T06:31:26.033Z - [INFO   ] - Server is running at http://localhost:5000
2022-12-26T06:31:42.934Z - [ERROR  ] - Invalid login: 534-5.7.9 Application-specific password required. Learn more at
534 5.7.9  https://support.google.com/mail/?p=InvalidSecondFactor x13-20020a170902a38d00b00189a50d2a38sm3413541pla.38 - gsmtp
2022-12-26T06:33:48.681Z - [INFO   ] - registration is successfull
2022-12-26T06:34:59.455Z - [ERROR  ] - Invalid login: 534-5.7.9 Application-specific password required. Learn more at
534 5.7.9  https://support.google.com/mail/?p=InvalidSecondFactor c134-20020a624e8c000000b00572198393c2sm6094802pfb.194 - gsmtp
2022-12-26T06:57:33.889Z - [INFO   ] - Server is running at http://localhost:5000
2022-12-26T06:57:43.154Z - [ERROR  ] - Invalid login: 535-5.7.8 Username and Password not accepted. Learn more at
535 5.7.8  https://support.google.com/mail/?p=BadCredentials s19-20020a170903201300b00187197c4999sm6307581pla.167 - gsmtp
2022-12-26T07:06:49.138Z - [INFO   ] - Server is running at http://localhost:5000
2022-12-26T07:07:43.443Z - [INFO   ] - Email sent: 250 2.0.0 OK  1672038463 p11-20020a17090b010b00b001fe39bda429sm5678659pjz.38 - gsmtp
2022-12-26T07:18:13.939Z - [INFO   ] - Server is running at http://localhost:5000
2022-12-26T07:18:16.899Z - [INFO   ] - registration is successfull
2022-12-26T07:19:00.312Z - [INFO   ] - Email sent: 250 2.0.0 OK  1672039140 m19-20020a170902f21300b001766a3b2a26sm6405590plc.105 - gsmtp
2022-12-26T09:58:47.333Z - [INFO   ] - Server is running at http://localhost:5000
2022-12-26T09:59:54.143Z - [INFO   ] - registration is successfull
2022-12-26T10:00:00.990Z - [INFO   ] - Email sent: 250 2.0.0 OK  1672048800 f12-20020a170902f38c00b0019145e3f77dsm6753991ple.111 - gsmtp
2022-12-26T10:01:47.812Z - [INFO   ] - Email sent: 250 2.0.0 OK  1672048907 w1-20020a170902a70100b001873aa85e1fsm6638996plq.305 - gsmtp
2022-12-26T10:04:55.697Z - [INFO   ] - Server is running at http://localhost:5000
2022-12-26T10:06:11.160Z - [INFO   ] - Server is running at http://localhost:5000
2022-12-26T10:06:23.764Z - [INFO   ] - Server is running at http://localhost:5000
2022-12-26T10:06:50.702Z - [INFO   ] - Server is running at http://localhost:5000
2022-12-26T10:08:31.990Z - [INFO   ] - Email sent: 250 2.0.0 OK  1672049311 o13-20020a170902d4cd00b00189812a5397sm6749762plg.180 - gsmtp
2022-12-26T10:19:40.004Z - [INFO   ] - Server is running at http://localhost:5000
2022-12-26T10:21:59.494Z - [INFO   ] - Server is running at http://localhost:5000
2022-12-26T10:23:01.187Z - [INFO   ] - Server is running at http://localhost:5000
2022-12-26T10:28:34.208Z - [INFO   ] - Server is running at http://localhost:5000
2022-12-26T10:29:15.723Z - [INFO   ] - Server is running at http://localhost:5000
2022-12-26T10:29:30.977Z - [INFO   ] - Email sent: 250 2.0.0 OK  1672050570 127-20020a620485000000b00574b86040a4sm6620200pfe.3 - gsmtp
2022-12-26T10:55:26.848Z - [INFO   ] - Server is running at http://localhost:5000
2022-12-26T11:00:57.621Z - [INFO   ] - Server is running at http://localhost:5000
2022-12-26T11:01:38.929Z - [INFO   ] - Server is running at http://localhost:5000
2022-12-26T11:01:59.672Z - [INFO   ] - Server is running at http://localhost:5000
2022-12-26T11:03:25.828Z - [INFO   ] - Server is running at http://localhost:5000
2022-12-26T11:05:14.495Z - [INFO   ] - Email sent: 250 2.0.0 OK  1672052714 x7-20020aa79a47000000b005800cb7cbcasm6685029pfj.120 - gsmtp
2022-12-26T11:06:46.224Z - [INFO   ] - Server is running at http://localhost:5000
2022-12-26T11:07:36.695Z - [INFO   ] - Server is running at http://localhost:5000
2022-12-26T11:08:11.757Z - [INFO   ] - Server is running at http://localhost:5000
2022-12-26T11:08:54.938Z - [INFO   ] - Server is running at http://localhost:5000
2022-12-26T11:09:27.532Z - [INFO   ] - Server is running at http://localhost:5000
2022-12-26T11:10:03.415Z - [INFO   ] - Server is running at http://localhost:5000
2022-12-26T11:10:15.747Z - [INFO   ] - Server is running at http://localhost:5000
2022-12-26T11:11:01.772Z - [INFO   ] - Server is running at http://localhost:5000
2022-12-26T11:14:36.574Z - [INFO   ] - Email sent: 250 2.0.0 OK  1672053276 n3-20020a170902e54300b001745662d568sm6881143plf.278 - gsmtp
2022-12-26T11:14:59.067Z - [INFO   ] - Server is running at http://localhost:5000
2022-12-26T11:15:30.915Z - [INFO   ] - Server is running at http://localhost:5000
2022-12-26T11:19:19.417Z - [INFO   ] - Server is running at http://localhost:5000
2022-12-26T11:19:36.812Z - [INFO   ] - Email sent: 250 2.0.0 OK  1672053576 a15-20020a63e84f000000b0043b565cb57csm6114093pgk.73 - gsmtp
2022-12-26T11:19:59.026Z - [INFO   ] - Email sent: 250 2.0.0 OK  1672053598 z189-20020a6265c6000000b0057630286100sm6687510pfb.164 - gsmtp
2022-12-26T11:22:36.946Z - [INFO   ] - Email sent: 250 2.0.0 OK  1672053756 x14-20020a170902a38e00b00176ab6a0d5fsm6915390pla.54 - gsmtp
2022-12-26T11:28:03.911Z - [INFO   ] - Server is running at http://localhost:5000
2022-12-26T11:28:09.037Z - [INFO   ] - Server is running at http://localhost:5000
2022-12-26T11:28:21.000Z - [INFO   ] - Email sent: 250 2.0.0 OK  1672054100 y12-20020a17090322cc00b00182d25a1e4bsm6854235plg.259 - gsmtp
2022-12-26T11:32:12.599Z - [INFO   ] - Server is running at http://localhost:5000
2022-12-26T11:32:29.123Z - [INFO   ] - Server is running at http://localhost:5000
2022-12-26T11:32:37.615Z - [INFO   ] - Email sent: 250 2.0.0 OK  1672054357 m10-20020a17090a3f8a00b002195819d541sm8636042pjc.8 - gsmtp
2022-12-26T11:37:59.037Z - [INFO   ] - Server is running at http://localhost:5000
2022-12-26T11:38:09.102Z - [INFO   ] - Server is running at http://localhost:5000
2022-12-26T11:38:19.648Z - [INFO   ] - Email sent: 250 2.0.0 OK  1672054699 r4-20020aa79624000000b00574740c99e9sm6731883pfg.129 - gsmtp
2022-12-26T11:38:42.907Z - [INFO   ] - Server is running at http://localhost:5000
2022-12-26T11:38:52.391Z - [INFO   ] - Server is running at http://localhost:5000
2022-12-26T11:39:00.508Z - [INFO   ] - Email sent: 250 2.0.0 OK  1672054740 u4-20020a170902e5c400b00189240585a7sm6927069plf.173 - gsmtp
2022-12-26T11:50:13.221Z - [INFO   ] - Server is running at http://localhost:5000
2022-12-26T11:50:25.197Z - [INFO   ] - Server is running at http://localhost:5000
2022-12-26T11:50:40.050Z - [INFO   ] - Email sent: 250 2.0.0 OK  1672055439 c21-20020a621c15000000b00581498190efsm839661pfc.161 - gsmtp
2022-12-26T11:54:21.249Z - [INFO   ] - Server is running at http://localhost:5000
2022-12-26T11:54:30.575Z - [INFO   ] - Server is running at http://localhost:5000
2022-12-26T11:55:39.186Z - [INFO   ] - Server is running at http://localhost:5000
2022-12-26T11:55:51.491Z - [INFO   ] - Server is running at http://localhost:5000
2022-12-26T12:18:30.881Z - [INFO   ] - Server is running at http://localhost:5000
2022-12-26T12:19:14.389Z - [INFO   ] - Server is running at http://localhost:5000
2022-12-26T12:19:29.090Z - [INFO   ] - Server is running at http://localhost:5000
2022-12-26T12:21:59.143Z - [INFO   ] - Server is running at http://localhost:5000
2022-12-26T12:23:20.681Z - [INFO   ] - Server is running at http://localhost:5000
2022-12-26T12:25:12.544Z - [INFO   ] - Server is running at http://localhost:5000
2022-12-26T12:25:51.406Z - [INFO   ] - Server is running at http://localhost:5000
2022-12-26T12:26:04.937Z - [INFO   ] - Email sent: 250 2.0.0 OK  1672057564 r29-20020aa7963d000000b005750d6b4761sm1900604pfg.168 - gsmtp
2022-12-26T12:26:26.652Z - [INFO   ] - Email sent: 250 2.0.0 OK  1672057586 d16-20020a170902b71000b00180033438a0sm7071020pls.106 - gsmtp
2022-12-26T12:26:46.423Z - [INFO   ] - Server is running at http://localhost:5000
2022-12-26T12:27:26.549Z - [INFO   ] - Server is running at http://localhost:5000
2022-12-26T12:27:36.798Z - [INFO   ] - Email sent: 250 2.0.0 OK  1672057656 x68-20020a626347000000b0056bc742d21esm6980849pfb.176 - gsmtp
2022-12-26T12:28:07.174Z - [INFO   ] - Server is running at http://localhost:5000
2022-12-26T12:28:16.624Z - [INFO   ] - Email sent: 250 2.0.0 OK  1672057696 je20-20020a170903265400b001926c38cd42sm3879949plb.192 - gsmtp
2022-12-26T12:29:10.035Z - [INFO   ] - Server is running at http://localhost:5000
2022-12-26T12:29:25.549Z - [INFO   ] - Server is running at http://localhost:5000
2022-12-26T12:29:44.396Z - [INFO   ] - Server is running at http://localhost:5000
2022-12-26T12:30:02.100Z - [INFO   ] - Email sent: 250 2.0.0 OK  1672057801 a7-20020aa795a7000000b0056cea9530b6sm2419392pfk.202 - gsmtp
2022-12-26T12:32:49.709Z - [INFO   ] - Server is running at http://localhost:5000
2022-12-26T12:33:26.312Z - [INFO   ] - Server is running at http://localhost:5000
2022-12-26T12:33:51.780Z - [INFO   ] - Email sent: 250 2.0.0 OK  1672058031 q11-20020a170902a3cb00b0018099c9618esm7042286plb.231 - gsmtp
2022-12-26T12:35:47.668Z - [INFO   ] - Email sent: 250 2.0.0 OK  1672058147 cp12-20020a170902e78c00b001913b7cee7bsm7106576plb.61 - gsmtp
2022-12-26T12:38:52.983Z - [INFO   ] - Server is running at http://localhost:5000
2022-12-26T12:44:54.608Z - [INFO   ] - Server is running at http://localhost:5000
2022-12-26T12:45:02.110Z - [INFO   ] - Server is running at http://localhost:5000
2022-12-26T12:45:09.954Z - [INFO   ] - Server is running at http://localhost:5000
2022-12-26T12:45:25.350Z - [INFO   ] - Email sent: 250 2.0.0 OK  1672058725 r4-20020aa79624000000b00574740c99e9sm6839721pfg.129 - gsmtp
2022-12-26T12:46:31.298Z - [INFO   ] - Email sent: 250 2.0.0 OK  1672058791 n7-20020a622707000000b00580c0219f16sm2207663pfn.169 - gsmtp
2022-12-26T12:50:24.616Z - [INFO   ] - Server is running at http://localhost:5000
2022-12-26T12:50:39.927Z - [INFO   ] - Email sent: 250 2.0.0 OK  1672059039 p17-20020a634f51000000b00485cbedd34bsm6285313pgl.89 - gsmtp
2022-12-26T12:52:04.944Z - [INFO   ] - Server is running at http://localhost:5000
2022-12-26T12:52:06.942Z - [INFO   ] - Server is running at http://localhost:5000
2022-12-26T12:52:16.598Z - [INFO   ] - Email sent: 250 2.0.0 OK  1672059136 e18-20020aa79812000000b00577c5915138sm6794408pfl.128 - gsmtp
2022-12-26T13:35:06.626Z - [INFO   ] - Server is running at http://localhost:5000
2022-12-26T13:35:20.528Z - [INFO   ] - Email sent: 250 2.0.0 OK  1672061720 y12-20020a17090322cc00b00182d25a1e4bsm7084772plg.259 - gsmtp
2022-12-26T14:32:58.258Z - [INFO   ] - Server is running at http://localhost:5000
2022-12-26T14:33:10.863Z - [INFO   ] - Email sent: 250 2.0.0 OK  1672065190 b27-20020aa78edb000000b0056b9ec7e2desm7017903pfr.125 - gsmtp
2022-12-26T14:45:56.364Z - [INFO   ] - Server is running at http://localhost:5000
2022-12-26T14:46:06.610Z - [INFO   ] - Email sent: 250 2.0.0 OK  1672065966 p8-20020a170902780800b00174f7d10a03sm7196618pll.86 - gsmtp
2022-12-26T14:47:31.955Z - [INFO   ] - Server is running at http://localhost:5000
2022-12-26T15:36:20.906Z - [INFO   ] - Server is running at http://localhost:5000
2022-12-26T15:36:41.750Z - [INFO   ] - Email sent: 250 2.0.0 OK  1672069001 i2-20020a170902c94200b00189618fc2d8sm7257098pla.242 - gsmtp
2022-12-26T15:38:06.411Z - [INFO   ] - Server is running at http://localhost:5000
2022-12-26T15:39:06.537Z - [INFO   ] - Server is running at http://localhost:5000
2022-12-26T15:39:41.733Z - [INFO   ] - Server is running at http://localhost:5000
2022-12-27T04:49:33.320Z - [INFO   ] - Server is running at http://localhost:5000
2022-12-27T05:01:54.239Z - [INFO   ] - Server is running at http://localhost:5000
2022-12-27T05:02:04.650Z - [INFO   ] - Server is running at http://localhost:5000
2022-12-27T05:04:01.429Z - [INFO   ] - Server is running at http://localhost:5000
2022-12-27T05:05:50.052Z - [INFO   ] - Server is running at http://localhost:5000
2022-12-27T05:20:18.347Z - [INFO   ] - Server is running at http://localhost:5000
2022-12-27T05:20:24.645Z - [INFO   ] - Server is running at http://localhost:5000
2022-12-27T05:21:16.169Z - [INFO   ] - Server is running at http://localhost:5000
2022-12-27T05:21:33.828Z - [INFO   ] - Email sent: 250 2.0.0 OK  1672118493 a13-20020a1709027e4d00b00183c6784704sm7878248pln.291 - gsmtp
2022-12-27T05:23:40.832Z - [INFO   ] - Server is running at http://localhost:5000
2022-12-27T05:24:14.277Z - [INFO   ] - Server is running at http://localhost:5000
2022-12-27T05:46:16.305Z - [INFO   ] - Server is running at http://localhost:5000
2022-12-27T05:46:37.792Z - [INFO   ] - Email sent: 250 2.0.0 OK  1672119997 m12-20020a1709026bcc00b00188c9c11559sm8100240plt.1 - gsmtp
2022-12-27T05:47:16.451Z - [INFO   ] - Server is running at http://localhost:5000
2022-12-27T05:47:28.686Z - [INFO   ] - Email sent: 250 2.0.0 OK  1672120048 y14-20020aa7942e000000b005777fe7681esm7800096pfo.20 - gsmtp
2022-12-27T05:48:00.284Z - [INFO   ] - Server is running at http://localhost:5000
2022-12-27T05:48:09.641Z - [INFO   ] - Email sent: 250 2.0.0 OK  1672120089 g1-20020a1709026b4100b0018853dd8832sm8053769plt.4 - gsmtp
2022-12-27T06:28:09.590Z - [INFO   ] - Server is running at http://localhost:5000
2022-12-27T06:28:34.580Z - [INFO   ] - Email sent: 250 2.0.0 OK  1672122514 18-20020a17090a031200b0021894e92f82sm7141019pje.36 - gsmtp
2022-12-27T06:30:13.498Z - [INFO   ] - Server is running at http://localhost:5000
2022-12-27T06:30:21.591Z - [INFO   ] - Email sent: 250 2.0.0 OK  1672122621 3-20020a620503000000b005762905c89asm7872308pff.66 - gsmtp
2022-12-27T06:30:54.259Z - [INFO   ] - Server is running at http://localhost:5000
2022-12-27T06:31:05.112Z - [INFO   ] - Email sent: 250 2.0.0 OK  1672122664 q7-20020a170902a3c700b001894dc5fdf2sm8053009plb.296 - gsmtp
2022-12-27T06:41:08.102Z - [INFO   ] - Server is running at http://localhost:5000
2022-12-27T06:42:02.308Z - [INFO   ] - Server is running at http://localhost:5000
2022-12-27T07:02:50.820Z - [INFO   ] - Server is running at http://localhost:5000
2022-12-27T07:04:12.497Z - [INFO   ] - Server is running at http://localhost:5000
2022-12-27T07:05:08.603Z - [INFO   ] - Server is running at http://localhost:5000
2022-12-27T07:05:21.114Z - [INFO   ] - Email sent: 250 2.0.0 OK  1672124720 127-20020a620485000000b00574b86040a4sm7899642pfe.3 - gsmtp
2022-12-27T07:05:37.294Z - [INFO   ] - Email sent: 250 2.0.0 OK  1672124737 u7-20020a17090a1d4700b00225bc0e5f19sm7090076pju.1 - gsmtp
2022-12-27T07:06:17.027Z - [INFO   ] - Email sent: 250 2.0.0 OK  1672124776 j5-20020a170902da8500b0018b025d9a40sm8202892plx.256 - gsmtp
2022-12-27T07:07:40.074Z - [INFO   ] - Email sent: 250 2.0.0 OK  1672124859 o13-20020a17090a55cd00b00218ae9916c4sm9721723pjm.35 - gsmtp
2022-12-27T07:11:04.934Z - [INFO   ] - Server is running at http://localhost:5000
2022-12-27T07:15:16.189Z - [INFO   ] - Server is running at http://localhost:5000
2022-12-27T07:17:50.869Z - [INFO   ] - Server is running at http://localhost:5000
2022-12-27T07:32:27.907Z - [INFO   ] - Server is running at http://localhost:5000
2022-12-27T07:40:08.773Z - [INFO   ] - Server is running at http://localhost:5000
2022-12-27T07:52:26.220Z - [INFO   ] - Server is running at http://localhost:5000
2022-12-27T07:57:13.636Z - [INFO   ] - Server is running at http://localhost:5000
2022-12-27T07:58:00.288Z - [INFO   ] - Email sent: 250 2.0.0 OK  1672127880 f10-20020a63510a000000b004351358f056sm7302164pgb.85 - gsmtp
2022-12-27T07:59:06.038Z - [INFO   ] - Server is running at http://localhost:5000
2022-12-27T07:59:48.943Z - [INFO   ] - Server is running at http://localhost:5000
2022-12-27T08:01:28.879Z - [INFO   ] - Server is running at http://localhost:5000
2022-12-27T08:58:25.771Z - [INFO   ] - Server is running at http://localhost:5000
2022-12-27T08:58:49.626Z - [INFO   ] - Server is running at http://localhost:5000
2022-12-27T09:02:41.358Z - [INFO   ] - Server is running at http://localhost:5000
2022-12-27T09:03:18.576Z - [INFO   ] - Server is running at http://localhost:5000
2022-12-27T09:03:56.338Z - [INFO   ] - Server is running at http://localhost:5000
2022-12-27T09:04:36.521Z - [INFO   ] - Server is running at http://localhost:5000
2022-12-27T09:16:31.382Z - [INFO   ] - Server is running at http://localhost:5000
2022-12-27T09:16:58.833Z - [INFO   ] - Email sent: 250 2.0.0 OK  1672132618 ix20-20020a170902f81400b0018982bf03b4sm8643797plb.117 - gsmtp
2022-12-27T09:28:16.556Z - [INFO   ] - Server is running at http://localhost:5000
2022-12-27T09:28:51.887Z - [INFO   ] - Email sent: 250 2.0.0 OK  1672133331 d7-20020a17090ad3c700b0020ae09e9724sm7568366pjw.53 - gsmtp
2022-12-27T09:38:51.006Z - [INFO   ] - Server is running at http://localhost:5000
2022-12-27T09:43:51.449Z - [INFO   ] - Server is running at http://localhost:5000
2022-12-27T11:41:45.369Z - [INFO   ] - Server is running at http://localhost:5000
2022-12-27T11:43:05.011Z - [INFO   ] - Server is running at http://localhost:5000
2022-12-27T11:53:08.963Z - [INFO   ] - Server is running at http://localhost:5000
2022-12-27T11:53:27.341Z - [INFO   ] - Server is running at http://localhost:5000
2022-12-27T11:59:01.721Z - [INFO   ] - Server is running at http://localhost:5000
2022-12-27T12:00:03.515Z - [INFO   ] - Server is running at http://localhost:5000
2022-12-27T12:02:27.278Z - [INFO   ] - Server is running at http://localhost:5000
2022-12-27T12:04:46.321Z - [INFO   ] - Server is running at http://localhost:5000
2022-12-27T13:42:06.589Z - [INFO   ] - Server is running at http://localhost:5000
2022-12-27T13:55:13.032Z - [INFO   ] - Server is running at http://localhost:5000
2022-12-27T13:56:58.333Z - [INFO   ] - Server is running at http://localhost:5000
2022-12-27T13:57:22.803Z - [INFO   ] - Server is running at http://localhost:5000
2022-12-27T13:59:38.133Z - [INFO   ] - Server is running at http://localhost:5000
2022-12-27T14:01:46.504Z - [INFO   ] - Server is running at http://localhost:5000
2022-12-27T14:03:02.564Z - [INFO   ] - Server is running at http://localhost:5000
2022-12-27T14:04:01.197Z - [INFO   ] - Server is running at http://localhost:5000
2022-12-27T14:05:26.214Z - [INFO   ] - Server is running at http://localhost:5000
2022-12-28T02:34:05.080Z - [INFO   ] - Server is running at http://localhost:5000
2022-12-28T03:30:02.186Z - [INFO   ] - Server is running at http://localhost:5000
2022-12-28T03:31:43.201Z - [INFO   ] - Server is running at http://localhost:5000
2022-12-28T03:49:14.649Z - [INFO   ] - Server is running at http://localhost:5000
2022-12-28T03:49:31.951Z - [INFO   ] - Server is running at http://localhost:5000
2022-12-28T03:49:48.014Z - [INFO   ] - Server is running at http://localhost:5000
2022-12-28T03:52:18.275Z - [INFO   ] - Server is running at http://localhost:5000
2022-12-28T04:07:49.964Z - [INFO   ] - Server is running at http://localhost:5000
2022-12-28T04:08:40.856Z - [INFO   ] - Server is running at http://localhost:5000
2022-12-28T04:14:34.759Z - [INFO   ] - Server is running at http://localhost:5000
2022-12-28T04:15:17.912Z - [INFO   ] - Server is running at http://localhost:5000
2022-12-28T04:15:55.808Z - [INFO   ] - Server is running at http://localhost:5000
2022-12-28T04:16:26.807Z - [INFO   ] - Server is running at http://localhost:5000
2022-12-28T04:18:07.028Z - [INFO   ] - Server is running at http://localhost:5000
2022-12-28T04:20:28.338Z - [INFO   ] - Server is running at http://localhost:5000
2022-12-28T04:21:44.624Z - [INFO   ] - Server is running at http://localhost:5000
2022-12-28T04:22:12.983Z - [INFO   ] - Server is running at http://localhost:5000
2022-12-28T04:23:36.073Z - [INFO   ] - Server is running at http://localhost:5000
2022-12-28T04:23:48.858Z - [INFO   ] - Server is running at http://localhost:5000
2022-12-28T04:25:57.340Z - [INFO   ] - Server is running at http://localhost:5000
2022-12-28T04:26:06.188Z - [INFO   ] - Server is running at http://localhost:5000
2022-12-28T04:27:19.364Z - [INFO   ] - Server is running at http://localhost:5000
2022-12-28T04:29:23.217Z - [INFO   ] - Server is running at http://localhost:5000
2022-12-28T04:30:24.350Z - [INFO   ] - Server is running at http://localhost:5000
2022-12-28T04:31:04.574Z - [INFO   ] - Server is running at http://localhost:5000
2022-12-28T04:31:53.217Z - [INFO   ] - Server is running at http://localhost:5000
2022-12-28T04:33:09.369Z - [INFO   ] - Server is running at http://localhost:5000
2022-12-28T04:33:36.416Z - [INFO   ] - Server is running at http://localhost:5000
2022-12-28T04:38:58.834Z - [INFO   ] - Server is running at http://localhost:5000
2022-12-28T04:42:05.278Z - [INFO   ] - Server is running at http://localhost:5000
2022-12-28T04:42:24.884Z - [INFO   ] - Server is running at http://localhost:5000
2022-12-28T04:44:04.940Z - [INFO   ] - Server is running at http://localhost:5000
2022-12-28T05:59:11.173Z - [INFO   ] - Server is running at http://localhost:5000
2022-12-28T06:21:16.904Z - [INFO   ] - Server is running at http://localhost:5000
2022-12-28T06:46:41.322Z - [INFO   ] - Server is running at http://localhost:5000
2022-12-28T07:02:16.893Z - [INFO   ] - Server is running at http://localhost:5000
2022-12-28T07:33:57.372Z - [INFO   ] - Server is running at http://localhost:5000
2022-12-28T07:53:39.964Z - [INFO   ] - Server is running at http://localhost:5000
2022-12-28T07:53:59.317Z - [INFO   ] - Server is running at http://localhost:5000
2022-12-28T07:54:32.315Z - [INFO   ] - Server is running at http://localhost:5000
2022-12-28T07:55:19.405Z - [INFO   ] - Server is running at http://localhost:5000
2022-12-28T07:55:50.891Z - [INFO   ] - Server is running at http://localhost:5000
2022-12-28T07:56:11.738Z - [INFO   ] - Server is running at http://localhost:5000
2022-12-28T07:56:42.236Z - [INFO   ] - Server is running at http://localhost:5000
2022-12-28T07:57:16.634Z - [INFO   ] - Server is running at http://localhost:5000
2022-12-28T08:01:07.547Z - [INFO   ] - Server is running at http://localhost:5000
2022-12-28T08:01:33.269Z - [INFO   ] - Server is running at http://localhost:5000
2022-12-28T08:01:43.970Z - [INFO   ] - Server is running at http://localhost:5000
2022-12-28T08:01:49.190Z - [INFO   ] - Server is running at http://localhost:5000
2022-12-28T08:17:32.795Z - [INFO   ] - Server is running at http://localhost:5000
2022-12-28T09:07:14.394Z - [INFO   ] - Server is running at http://localhost:5000
2022-12-28T09:12:22.225Z - [INFO   ] - Server is running at http://localhost:5000
2022-12-28T09:12:38.529Z - [INFO   ] - Server is running at http://localhost:5000
2022-12-28T09:26:49.313Z - [INFO   ] - Server is running at http://localhost:5000
2022-12-28T09:46:16.564Z - [INFO   ] - Server is running at http://localhost:5000
2022-12-28T09:47:13.079Z - [INFO   ] - Server is running at http://localhost:5000
2022-12-28T09:48:44.591Z - [INFO   ] - Server is running at http://localhost:5000
2022-12-28T09:51:08.136Z - [INFO   ] - Server is running at http://localhost:5000
2022-12-28T09:52:01.263Z - [INFO   ] - Server is running at http://localhost:5000
2022-12-28T09:58:26.834Z - [INFO   ] - Server is running at http://localhost:5000
2022-12-28T09:59:22.779Z - [INFO   ] - Server is running at http://localhost:5000
2022-12-28T10:06:11.945Z - [INFO   ] - Server is running at http://localhost:5000
2022-12-28T10:07:17.602Z - [INFO   ] - Server is running at http://localhost:5000
2022-12-28T10:11:22.562Z - [INFO   ] - Server is running at http://localhost:5000
2022-12-28T10:16:29.626Z - [INFO   ] - Server is running at http://localhost:5000
2022-12-28T10:17:06.674Z - [INFO   ] - Server is running at http://localhost:5000
2022-12-28T10:20:18.514Z - [INFO   ] - Server is running at http://localhost:5000
2022-12-28T10:21:06.803Z - [INFO   ] - Server is running at http://localhost:5000
2022-12-28T10:40:31.144Z - [INFO   ] - Server is running at http://localhost:5000
2022-12-28T10:41:05.080Z - [INFO   ] - Server is running at http://localhost:5000
2022-12-28T10:41:38.108Z - [INFO   ] - Server is running at http://localhost:5000
2022-12-28T10:48:21.059Z - [INFO   ] - Server is running at http://localhost:5000
2022-12-28T10:48:35.805Z - [INFO   ] - Server is running at http://localhost:5000
2022-12-28T10:48:53.710Z - [INFO   ] - Server is running at http://localhost:5000
2022-12-28T10:49:59.430Z - [INFO   ] - Server is running at http://localhost:5000
2022-12-28T10:51:16.581Z - [INFO   ] - Server is running at http://localhost:5000
2022-12-28T10:53:13.274Z - [INFO   ] - Server is running at http://localhost:5000
2022-12-28T11:08:31.332Z - [INFO   ] - Server is running at http://localhost:5000
2022-12-28T11:15:02.937Z - [INFO   ] - Server is running at http://localhost:5000
2022-12-28T11:17:06.082Z - [INFO   ] - Server is running at http://localhost:5000
2022-12-28T11:18:26.805Z - [INFO   ] - Server is running at http://localhost:5000
2022-12-28T11:21:35.885Z - [INFO   ] - Server is running at http://localhost:5000
2022-12-28T11:23:28.797Z - [INFO   ] - Server is running at http://localhost:5000
2022-12-28T11:24:29.949Z - [INFO   ] - Server is running at http://localhost:5000
2022-12-28T11:24:42.388Z - [INFO   ] - Server is running at http://localhost:5000
2022-12-28T11:25:19.240Z - [INFO   ] - Server is running at http://localhost:5000
2022-12-28T11:25:40.038Z - [INFO   ] - Server is running at http://localhost:5000
2022-12-28T11:26:01.401Z - [INFO   ] - Server is running at http://localhost:5000
2022-12-28T11:26:51.577Z - [INFO   ] - Server is running at http://localhost:5000
2022-12-28T12:17:50.960Z - [INFO   ] - Server is running at http://localhost:5000
2022-12-28T12:18:46.238Z - [INFO   ] - Server is running at http://localhost:5000
2022-12-28T13:10:34.238Z - [INFO   ] - Server is running at http://localhost:5000
2022-12-29T03:31:22.907Z - [INFO   ] - Server is running at http://localhost:5000
2022-12-29T03:33:21.979Z - [INFO   ] - Server is running at http://localhost:5000
2022-12-29T03:34:07.733Z - [INFO   ] - Server is running at http://localhost:5000
2022-12-29T03:34:45.305Z - [INFO   ] - Server is running at http://localhost:5000
2022-12-29T03:35:49.600Z - [INFO   ] - Server is running at http://localhost:5000
2022-12-29T03:38:33.148Z - [INFO   ] - Server is running at http://localhost:5000
2022-12-29T03:39:16.003Z - [INFO   ] - Server is running at http://localhost:5000
2022-12-29T03:40:13.250Z - [INFO   ] - Server is running at http://localhost:5000
2022-12-29T03:41:11.682Z - [INFO   ] - Server is running at http://localhost:5000
2022-12-29T03:42:29.538Z - [INFO   ] - Server is running at http://localhost:5000
2022-12-29T03:42:44.132Z - [INFO   ] - Server is running at http://localhost:5000
2022-12-29T05:03:31.643Z - [INFO   ] - Server is running at http://localhost:5000
2022-12-29T05:08:20.352Z - [INFO   ] - Server is running at http://localhost:5000
2022-12-29T05:57:54.340Z - [INFO   ] - Server is running at http://localhost:5000
2022-12-29T06:10:01.197Z - [INFO   ] - Server is running at http://localhost:5000
2022-12-29T06:31:03.498Z - [INFO   ] - Server is running at http://localhost:5000
2022-12-29T06:48:58.924Z - [INFO   ] - Server is running at http://localhost:5000
2022-12-29T07:02:06.692Z - [INFO   ] - Server is running at http://localhost:5000
2022-12-29T07:35:10.898Z - [INFO   ] - Server is running at http://localhost:5000
2022-12-29T09:35:58.975Z - [INFO   ] - Server is running at http://localhost:5000
2022-12-29T10:42:06.340Z - [INFO   ] - Server is running at http://localhost:5000
2022-12-29T11:14:49.152Z - [INFO   ] - Server is running at http://localhost:5000
2022-12-29T12:05:15.061Z - [INFO   ] - Server is running at http://localhost:5000
2022-12-29T12:25:20.525Z - [INFO   ] - Server is running at http://localhost:5000
2022-12-29T12:26:34.874Z - [INFO   ] - Server is running at http://localhost:5000
2022-12-29T12:27:58.542Z - [INFO   ] - Server is running at http://localhost:5000
2022-12-29T12:35:44.575Z - [INFO   ] - Server is running at http://localhost:5000
2022-12-29T12:58:55.280Z - [INFO   ] - Server is running at http://localhost:5000
2022-12-29T13:15:25.491Z - [INFO   ] - Server is running at http://localhost:5000
2022-12-30T05:23:51.234Z - [INFO   ] - Server is running at http://localhost:5000
2022-12-30T06:44:15.215Z - [INFO   ] - Server is running at http://localhost:5000
2022-12-30T08:50:16.911Z - [INFO   ] - Server is running at http://localhost:5000
2022-12-30T08:51:04.761Z - [INFO   ] - Server is running at http://localhost:5000
2022-12-30T08:51:54.634Z - [INFO   ] - Server is running at http://localhost:5000
2022-12-30T09:24:47.373Z - [INFO   ] - Server is running at http://localhost:5000
2022-12-30T09:57:13.382Z - [INFO   ] - Server is running at http://localhost:5000
2022-12-30T09:57:44.643Z - [INFO   ] - Server is running at http://localhost:5000
2022-12-30T10:01:06.320Z - [INFO   ] - Server is running at http://localhost:5000
2022-12-30T10:01:43.748Z - [INFO   ] - Server is running at http://localhost:5000
2022-12-30T10:08:02.755Z - [INFO   ] - Server is running at http://localhost:5000
2022-12-30T10:13:35.667Z - [INFO   ] - Server is running at http://localhost:5000
2022-12-30T10:18:33.891Z - [INFO   ] - Server is running at http://localhost:5000
2022-12-30T10:51:55.960Z - [INFO   ] - Server is running at http://localhost:5000
2022-12-30T11:10:56.620Z - [INFO   ] - Server is running at http://localhost:5000
2022-12-30T11:27:21.553Z - [INFO   ] - Server is running at http://localhost:5000
2022-12-30T11:41:09.270Z - [INFO   ] - Server is running at http://localhost:5000
2022-12-30T11:51:00.956Z - [INFO   ] - Server is running at http://localhost:5000
2022-12-30T12:11:17.427Z - [INFO   ] - Server is running at http://localhost:5000
2022-12-30T12:37:19.682Z - [INFO   ] - Server is running at http://localhost:5000
2022-12-30T12:49:05.325Z - [INFO   ] - Server is running at http://localhost:5000
2022-12-31T04:04:29.261Z - [INFO   ] - Server is running at http://localhost:5000
2022-12-31T04:23:00.263Z - [INFO   ] - Server is running at http://localhost:5000
2022-12-31T05:55:18.631Z - [INFO   ] - Server is running at http://localhost:5000
2022-12-31T06:12:56.044Z - [INFO   ] - Server is running at http://localhost:5000
2022-12-31T06:20:58.035Z - [INFO   ] - Server is running at http://localhost:5000
2022-12-31T06:50:18.589Z - [INFO   ] - Server is running at http://localhost:5000
2022-12-31T07:11:26.604Z - [INFO   ] - Server is running at http://localhost:5000
2022-12-31T09:58:22.798Z - [INFO   ] - Server is running at http://localhost:5000
2022-12-31T10:13:34.376Z - [INFO   ] - Server is running at http://localhost:5000
2022-12-31T10:20:52.981Z - [INFO   ] - Server is running at http://localhost:5000
2022-12-31T10:23:35.881Z - [INFO   ] - Server is running at http://localhost:5000
2022-12-31T10:23:46.051Z - [INFO   ] - Server is running at http://localhost:5000
2022-12-31T10:24:05.018Z - [INFO   ] - Server is running at http://localhost:5000
2022-12-31T10:54:13.302Z - [INFO   ] - Server is running at http://localhost:5000
2022-12-31T11:01:44.468Z - [INFO   ] - Server is running at http://localhost:5000
2022-12-31T11:04:24.973Z - [INFO   ] - Server is running at http://localhost:5000
2022-12-31T11:05:50.253Z - [INFO   ] - Server is running at http://localhost:5000
2022-12-31T11:07:07.769Z - [INFO   ] - Server is running at http://localhost:5000
2022-12-31T11:16:39.197Z - [INFO   ] - Server is running at http://localhost:5000
2022-12-31T11:16:50.754Z - [INFO   ] - Server is running at http://localhost:5000
2022-12-31T11:18:17.214Z - [INFO   ] - Server is running at http://localhost:5000
2022-12-31T11:28:43.854Z - [INFO   ] - Server is running at http://localhost:5000
2022-12-31T11:28:59.055Z - [INFO   ] - Server is running at http://localhost:5000
2022-12-31T11:29:27.111Z - [INFO   ] - Server is running at http://localhost:5000
2022-12-31T11:55:33.597Z - [INFO   ] - Server is running at http://localhost:5000
2022-12-31T11:56:07.228Z - [INFO   ] - Server is running at http://localhost:5000
2022-12-31T11:57:36.831Z - [INFO   ] - Server is running at http://localhost:5000
2022-12-31T12:00:21.989Z - [INFO   ] - Server is running at http://localhost:5000
2022-12-31T12:02:10.668Z - [INFO   ] - Server is running at http://localhost:5000
2022-12-31T12:20:40.088Z - [INFO   ] - Server is running at http://localhost:5000
2022-12-31T12:40:26.538Z - [INFO   ] - Server is running at http://localhost:5000
2022-12-31T12:45:01.760Z - [INFO   ] - Server is running at http://localhost:5000
2023-01-02T04:10:34.851Z - [INFO   ] - Server is running at http://localhost:5000
2023-01-02T04:33:30.849Z - [INFO   ] - Server is running at http://localhost:5000
2023-01-02T04:46:30.798Z - [INFO   ] - Server is running at http://localhost:5000
2023-01-02T04:58:47.818Z - [INFO   ] - Server is running at http://localhost:5000
2023-01-02T05:14:44.433Z - [INFO   ] - Server is running at http://localhost:5000
2023-01-02T05:23:41.896Z - [INFO   ] - Server is running at http://localhost:5000
2023-01-02T05:34:23.648Z - [INFO   ] - Server is running at http://localhost:5000
2023-01-02T05:50:18.690Z - [INFO   ] - Server is running at http://localhost:5000
2023-01-02T05:51:13.543Z - [INFO   ] - Server is running at http://localhost:5000
2023-01-02T05:52:07.973Z - [INFO   ] - Server is running at http://localhost:5000
2023-01-02T05:53:58.720Z - [INFO   ] - Server is running at http://localhost:5000
2023-01-02T06:07:49.723Z - [INFO   ] - Server is running at http://localhost:5000
2023-01-02T06:09:48.839Z - [INFO   ] - Server is running at http://localhost:5000
2023-01-02T06:27:06.397Z - [INFO   ] - Server is running at http://localhost:5000
2023-01-02T06:27:14.309Z - [INFO   ] - Server is running at http://localhost:5000
2023-01-02T06:27:56.058Z - [INFO   ] - Server is running at http://localhost:5000
2023-01-02T06:29:40.789Z - [INFO   ] - Server is running at http://localhost:5000
2023-01-02T06:31:04.462Z - [INFO   ] - Server is running at http://localhost:5000
2023-01-02T06:33:31.608Z - [INFO   ] - Server is running at http://localhost:5000
2023-01-02T06:33:52.654Z - [INFO   ] - Server is running at http://localhost:5000
2023-01-02T06:34:30.464Z - [INFO   ] - Server is running at http://localhost:5000
2023-01-02T06:36:54.004Z - [INFO   ] - Server is running at http://localhost:5000
2023-01-02T06:37:23.959Z - [INFO   ] - Server is running at http://localhost:5000
2023-01-02T06:39:32.807Z - [INFO   ] - Server is running at http://localhost:5000
2023-01-02T06:40:09.156Z - [INFO   ] - Server is running at http://localhost:5000
2023-01-02T06:40:37.512Z - [INFO   ] - Server is running at http://localhost:5000
2023-01-02T06:41:18.402Z - [INFO   ] - Server is running at http://localhost:5000
2023-01-02T06:55:35.977Z - [INFO   ] - Server is running at http://localhost:5000
2023-01-02T06:58:57.722Z - [INFO   ] - Server is running at http://localhost:5000
2023-01-02T07:10:24.542Z - [INFO   ] - Server is running at http://localhost:5000
2023-01-02T07:17:24.248Z - [INFO   ] - Server is running at http://localhost:5000
2023-01-02T07:18:02.246Z - [INFO   ] - Server is running at http://localhost:5000
2023-01-02T07:18:42.736Z - [INFO   ] - Server is running at http://localhost:5000
2023-01-02T07:19:09.341Z - [INFO   ] - Server is running at http://localhost:5000
2023-01-02T07:20:33.174Z - [INFO   ] - Server is running at http://localhost:5000
2023-01-02T07:20:48.343Z - [INFO   ] - Server is running at http://localhost:5000
2023-01-02T07:21:21.767Z - [INFO   ] - Server is running at http://localhost:5000
2023-01-02T07:21:39.848Z - [INFO   ] - Server is running at http://localhost:5000
2023-01-02T07:22:11.387Z - [INFO   ] - Server is running at http://localhost:5000
2023-01-02T07:22:36.912Z - [INFO   ] - Server is running at http://localhost:5000
2023-01-02T07:23:17.540Z - [INFO   ] - Server is running at http://localhost:5000
2023-01-02T07:23:38.133Z - [INFO   ] - Server is running at http://localhost:5000
2023-01-02T07:25:10.286Z - [INFO   ] - Server is running at http://localhost:5000
2023-01-02T07:25:37.747Z - [INFO   ] - Server is running at http://localhost:5000
2023-01-02T07:26:06.366Z - [INFO   ] - Server is running at http://localhost:5000
2023-01-02T07:26:57.821Z - [INFO   ] - Server is running at http://localhost:5000
2023-01-02T07:38:54.465Z - [INFO   ] - Server is running at http://localhost:5000
2023-01-02T07:48:13.123Z - [INFO   ] - Server is running at http://localhost:5000
2023-01-02T07:49:12.400Z - [INFO   ] - Server is running at http://localhost:5000
2023-01-02T07:50:36.049Z - [INFO   ] - Server is running at http://localhost:5000
2023-01-02T07:51:18.853Z - [INFO   ] - Server is running at http://localhost:5000
2023-01-02T08:07:39.525Z - [INFO   ] - Server is running at http://localhost:5000
2023-01-02T08:24:55.255Z - [INFO   ] - Server is running at http://localhost:5000
2023-01-02T08:39:49.498Z - [INFO   ] - Server is running at http://localhost:5000
2023-01-02T08:51:37.568Z - [INFO   ] - Server is running at http://localhost:5000
2023-01-02T09:03:32.744Z - [INFO   ] - Server is running at http://localhost:5000
2023-01-05T10:45:01.422Z - [INFO   ] - Server is running at http://localhost:5000
2023-01-06T04:49:54.963Z - [INFO   ] - Server is running at http://localhost:5000
2023-01-06T06:43:49.397Z - [INFO   ] - Server is running at http://localhost:5000
2023-01-06T10:10:59.624Z - [INFO   ] - Server is running at http://localhost:5000
2023-01-06T10:13:44.422Z - [INFO   ] - Server is running at http://localhost:5000
2023-01-06T10:14:05.623Z - [ERROR  ] - Unexpected token o in JSON at position 1
2023-01-06T10:15:45.486Z - [INFO   ] - Server is running at http://localhost:5000
2023-01-06T10:16:57.270Z - [INFO   ] - Server is running at http://localhost:5000
2023-01-06T10:17:59.535Z - [INFO   ] - Server is running at http://localhost:5000
2023-01-06T10:18:49.331Z - [INFO   ] - Server is running at http://localhost:5000
2023-01-06T10:20:26.145Z - [INFO   ] - Server is running at http://localhost:5000
2023-01-06T12:14:54.815Z - [INFO   ] - Server is running at http://localhost:5000
2023-01-06T12:20:14.373Z - [INFO   ] - Server is running at http://localhost:5000
2023-01-06T22:31:36.633Z - [INFO   ] - Server is running at http://localhost:5000
2023-01-06T22:38:24.143Z - [INFO   ] - Server is running at http://localhost:5000
2023-01-06T23:03:38.355Z - [INFO   ] - Server is running at http://localhost:5000
2023-01-07T04:15:48.570Z - [INFO   ] - Server is running at http://localhost:5000
2023-01-07T04:15:59.427Z - [INFO   ] - Email sent: 250 2.0.0 OK  1673064959 d22-20020a170902aa9600b001871461688esm1669411plr.175 - gsmtp
2023-01-07T04:24:44.453Z - [INFO   ] - Server is running at http://localhost:5000
2023-01-07T04:24:59.708Z - [INFO   ] - Server is running at http://localhost:5000
2023-01-07T04:26:23.773Z - [INFO   ] - Server is running at http://localhost:5000
2023-01-07T04:27:22.885Z - [INFO   ] - Server is running at http://localhost:5000
2023-01-07T04:28:35.832Z - [INFO   ] - Server is running at http://localhost:5000
2023-01-07T04:28:54.663Z - [INFO   ] - Server is running at http://localhost:5000
2023-01-07T04:29:13.021Z - [INFO   ] - Server is running at http://localhost:5000
2023-01-07T04:29:25.224Z - [INFO   ] - Server is running at http://localhost:5000
2023-01-07T04:31:23.675Z - [INFO   ] - Server is running at http://localhost:5000
2023-01-07T04:32:56.584Z - [INFO   ] - Email sent: 250 2.0.0 OK  1673065976 h4-20020a170902f54400b00192b93a6ce4sm1754566plf.86 - gsmtp
2023-01-07T04:33:37.744Z - [INFO   ] - Email sent: 250 2.0.0 OK  1673066017 e2-20020a170902784200b0019309be03e7sm1739384pln.66 - gsmtp
2023-01-07T04:35:35.222Z - [INFO   ] - Server is running at http://localhost:5000
2023-01-07T04:36:04.798Z - [INFO   ] - Server is running at http://localhost:5000
2023-01-07T04:37:22.130Z - [INFO   ] - Server is running at http://localhost:5000
2023-01-07T04:44:08.394Z - [INFO   ] - Email sent: 250 2.0.0 OK  1673066648 m11-20020a170902bb8b00b00186cf82717fsm1703077pls.165 - gsmtp
2023-01-07T04:49:20.967Z - [INFO   ] - Server is running at http://localhost:5000
2023-01-07T04:51:47.895Z - [INFO   ] - Server is running at http://localhost:5000
2023-01-07T04:52:51.491Z - [INFO   ] - Server is running at http://localhost:5000
2023-01-07T04:58:32.961Z - [INFO   ] - Server is running at http://localhost:5000
2023-01-07T05:00:48.666Z - [INFO   ] - Server is running at http://localhost:5000
2023-01-07T05:01:15.300Z - [INFO   ] - Server is running at http://localhost:5000
2023-01-07T05:09:27.151Z - [INFO   ] - Server is running at http://localhost:5000
2023-01-07T05:09:41.000Z - [INFO   ] - Email sent: 250 2.0.0 OK  1673068180 w125-20020a626283000000b005815a371177sm1280677pfb.52 - gsmtp
2023-01-07T05:11:07.460Z - [INFO   ] - Server is running at http://localhost:5000
2023-01-07T05:12:09.664Z - [INFO   ] - Email sent: 250 2.0.0 OK  1673068329 g38-20020a635666000000b004768b74f208sm1657677pgm.4 - gsmtp
2023-01-07T05:12:45.523Z - [INFO   ] - Server is running at http://localhost:5000
2023-01-07T05:12:51.434Z - [INFO   ] - Server is running at http://localhost:5000
2023-01-07T05:12:59.767Z - [INFO   ] - Server is running at http://localhost:5000
2023-01-07T05:13:13.472Z - [INFO   ] - Server is running at http://localhost:5000
2023-01-07T05:41:39.846Z - [INFO   ] - Server is running at http://localhost:5000
2023-01-07T05:43:11.494Z - [INFO   ] - Server is running at http://localhost:5000
2023-01-07T05:44:54.746Z - [ERROR  ] - Email already exists
2023-01-07T05:45:56.648Z - [INFO   ] - Email sent: 250 2.0.0 OK  1673070356 2-20020a620502000000b00580cf1be16csm1974468pff.137 - gsmtp
2023-01-07T05:46:00.288Z - [INFO   ] - Email sent: 250 2.0.0 OK  1673070360 cp19-20020a170902e79300b00189947bd9f7sm1873478plb.50 - gsmtp
2023-01-07T05:46:02.312Z - [INFO   ] - Email sent: 250 2.0.0 OK  1673070362 x11-20020a170902a38b00b00192fb119eb2sm1873912pla.54 - gsmtp
2023-01-07T05:48:56.411Z - [INFO   ] - Server is running at http://localhost:5000
2023-01-07T05:49:09.091Z - [INFO   ] - Email sent: 250 2.0.0 OK  1673070548 12-20020a17090a000c00b00225daca646csm249526pja.34 - gsmtp
2023-01-07T05:49:13.546Z - [INFO   ] - Email sent: 250 2.0.0 OK  1673070553 u13-20020a63f64d000000b00499bc49fb9csm1712882pgj.41 - gsmtp
2023-01-07T06:48:21.669Z - [INFO   ] - Server is running at http://localhost:5000
2023-01-07T06:50:26.333Z - [INFO   ] - Server is running at http://localhost:5000
2023-01-07T06:55:15.035Z - [INFO   ] - Server is running at http://localhost:5000
2023-01-07T08:02:06.313Z - [INFO   ] - Server is running at http://localhost:5000
2023-01-07T08:08:50.221Z - [INFO   ] - Server is running at http://localhost:5000
2023-01-07T08:15:52.142Z - [ERROR  ] - Name already exists
2023-01-07T08:16:05.099Z - [INFO   ] - registration is successfull
2023-01-07T08:17:41.715Z - [INFO   ] - Email sent: 250 2.0.0 OK  1673079462 128-20020a621586000000b00580ff8ff1c7sm2330954pfv.144 - gsmtp
2023-01-07T08:39:48.012Z - [INFO   ] - Server is running at http://localhost:5000
2023-01-07T08:39:52.723Z - [INFO   ] - Server is running at http://localhost:5000
2023-01-07T08:40:45.171Z - [INFO   ] - Server is running at http://localhost:5000
2023-01-07T08:42:15.756Z - [INFO   ] - Email sent: 250 2.0.0 OK  1673080935 3-20020a621503000000b00581c741f95csm539560pfv.46 - gsmtp
2023-01-07T08:44:05.225Z - [INFO   ] - Server is running at http://localhost:5000
2023-01-07T08:45:27.621Z - [INFO   ] - Server is running at http://localhost:5000
2023-01-07T08:45:50.988Z - [ERROR  ] - No data is found with the Email: undefined
2023-01-07T08:47:06.798Z - [ERROR  ] - No data is found with the Email: undefined
2023-01-07T08:47:40.576Z - [INFO   ] - Server is running at http://localhost:5000
2023-01-07T08:47:54.606Z - [ERROR  ] - No data is found with the Email: undefined
2023-01-07T08:48:11.106Z - [ERROR  ] - No data is found with the Email: undefined
2023-01-07T08:48:16.233Z - [ERROR  ] - No data is found with the Email: undefined
2023-01-07T08:49:05.786Z - [INFO   ] - Server is running at http://localhost:5000
2023-01-07T08:51:43.929Z - [INFO   ] - Server is running at http://localhost:5000
2023-01-07T08:51:53.692Z - [INFO   ] - Server is running at http://localhost:5000
2023-01-07T08:54:48.202Z - [INFO   ] - Server is running at http://localhost:5000
2023-01-07T08:55:08.698Z - [INFO   ] - Email sent: 250 2.0.0 OK  1673081708 a79-20020a621a52000000b0057255b7c8easm2366009pfa.33 - gsmtp
2023-01-07T08:59:50.138Z - [INFO   ] - Server is running at http://localhost:5000
2023-01-07T09:00:59.849Z - [INFO   ] - Server is running at http://localhost:5000
2023-01-07T09:01:35.340Z - [ERROR  ] - ER_PARSE_ERROR: You have an error in your SQL syntax; check the manual that corresponds to your MySQL server version for the right syntax to use near 'TABLE Users
                            SET Password="$2b$10$KXpUg8owLahy/iYM/PU' at line 1
2023-01-07T09:02:14.001Z - [INFO   ] - Server is running at http://localhost:5000
2023-01-07T09:02:18.991Z - [ERROR  ] - ER_PARSE_ERROR: You have an error in your SQL syntax; check the manual that corresponds to your MySQL server version for the right syntax to use near 'TABLE Users
                            SET Password=$2b$10$sBfitiBP73.oAmrv5ri/' at line 1
2023-01-07T09:02:46.416Z - [INFO   ] - Server is running at http://localhost:5000
2023-01-07T09:02:51.305Z - [ERROR  ] - ER_BAD_FIELD_ERROR: Unknown column '$2b$10$tES814tgwXsXjw9NJRRwS.7pmt56VuX' in 'field list'
2023-01-07T09:03:11.727Z - [INFO   ] - Server is running at http://localhost:5000
2023-01-07T09:04:00.418Z - [INFO   ] - Server is running at http://localhost:5000
2023-01-07T09:04:11.394Z - [INFO   ] - Password is updated successfully
2023-01-07T09:04:20.543Z - [ERROR  ] - password is not matched
2023-01-07T09:04:36.380Z - [INFO   ] - Email sent: 250 2.0.0 OK  1673082276 c7-20020a624e07000000b0058251b6e0e8sm2342568pfb.188 - gsmtp
2023-01-08T06:18:25.069Z - [INFO   ] - Server is running at http://localhost:5000
2023-01-08T06:31:44.089Z - [INFO   ] - Server is running at http://localhost:5000
2023-01-09T03:51:14.085Z - [INFO   ] - Server is running at http://localhost:5000
2023-01-09T03:51:48.198Z - [INFO   ] - Server is running at http://localhost:5000
2023-01-09T03:54:52.501Z - [INFO   ] - Server is running at http://localhost:5000
2023-01-09T03:57:58.185Z - [INFO   ] - Server is running at http://localhost:5000
2023-01-09T03:59:05.306Z - [INFO   ] - Server is running at http://localhost:5000
2023-01-09T05:40:46.219Z - [INFO   ] - Server is running at http://localhost:5000
2023-01-09T05:41:01.974Z - [INFO   ] - Server is running at http://localhost:5000
2023-01-09T05:42:35.571Z - [INFO   ] - Server is running at http://localhost:5000
2023-01-09T05:46:41.883Z - [INFO   ] - Server is running at http://localhost:5000
2023-01-09T06:03:42.335Z - [INFO   ] - Server is running at http://localhost:5000
2023-01-09T06:04:35.931Z - [INFO   ] - Server is running at http://localhost:5000
2023-01-09T06:07:33.796Z - [INFO   ] - Server is running at http://localhost:5000
2023-01-09T06:08:15.169Z - [INFO   ] - Server is running at http://localhost:5000
2023-01-09T06:08:15.384Z - [ERROR  ] - connect EHOSTUNREACH 85.10.205.173:3306
2023-01-09T06:22:58.648Z - [INFO   ] - Server is running at http://localhost:5000
2023-01-09T06:22:59.643Z - [ERROR  ] - connect EHOSTUNREACH 85.10.205.173:3306
2023-01-09T12:23:04.421Z - [INFO   ] - Server is running at http://localhost:5000
2023-01-09T12:23:04.630Z - [ERROR  ] - connect EHOSTUNREACH 85.10.205.173:3306
2023-01-10T07:24:02.772Z - [INFO   ] - Server is running at http://localhost:5000
2023-01-10T07:24:04.219Z - [ERROR  ] - ER_ACCESS_DENIED_ERROR: Access denied for user 'mahesh7'@'49.204.227.78' (using password: YES)
2023-01-10T07:25:40.350Z - [INFO   ] - Server is running at http://localhost:5000
2023-01-10T07:25:44.041Z - [INFO   ] - Database connected successfully.
2023-01-10T07:42:46.419Z - [INFO   ] - Server is running at http://localhost:5000
2023-01-10T07:42:47.130Z - [INFO   ] - Database connected successfully.
2023-01-10T07:43:22.213Z - [ERROR  ] - Name already exists
2023-01-10T08:58:40.902Z - [INFO   ] - Server is running at http://localhost:5000
2023-01-10T08:58:42.372Z - [INFO   ] - Database connected successfully.
2023-01-10T08:59:53.780Z - [INFO   ] - registration is successfull
2023-01-10T09:56:55.067Z - [INFO   ] - Server is running at http://localhost:5000
2023-01-10T09:56:55.915Z - [INFO   ] - Database connected successfully.
2023-01-10T10:02:50.883Z - [INFO   ] - Server is running at http://localhost:5000
2023-01-10T10:02:59.668Z - [INFO   ] - Database connected successfully.
2023-01-10T10:04:18.133Z - [ERROR  ] - Email already exists
2023-01-10T10:05:07.128Z - [ERROR  ] - Email already exists
2023-01-10T10:05:47.060Z - [ERROR  ] - Email already exists
2023-01-10T10:06:34.979Z - [ERROR  ] - Name already exists
2023-01-10T10:09:41.242Z - [ERROR  ] - Email already exists
2023-01-10T10:12:12.174Z - [ERROR  ] - Email already exists
2023-01-10T10:19:27.960Z - [INFO   ] - Server is running at http://localhost:5000
2023-01-10T10:19:28.551Z - [INFO   ] - Database connected successfully.
2023-01-10T10:20:08.737Z - [ERROR  ] - Email already exists
2023-01-10T10:32:35.106Z - [INFO   ] - Server is running at http://localhost:5000
2023-01-10T10:32:37.790Z - [INFO   ] - Database connected successfully.
2023-01-10T10:40:55.508Z - [INFO   ] - Server is running at http://localhost:5000
2023-01-10T10:40:56.180Z - [INFO   ] - Database connected successfully.
2023-01-10T10:41:05.593Z - [INFO   ] - Email sent: 250 2.0.0 OK  1673347265 j15-20020a170903028f00b00190c6518e30sm7723623plr.243 - gsmtp
2023-01-10T10:43:10.510Z - [INFO   ] - Server is running at http://localhost:5000
2023-01-10T10:43:20.877Z - [INFO   ] - Database connected successfully.
2023-01-10T10:48:54.155Z - [INFO   ] - Server is running at http://localhost:5000
2023-01-10T10:48:54.660Z - [INFO   ] - Database connected successfully.
2023-01-10T10:49:01.584Z - [INFO   ] - Email sent: 250 2.0.0 OK  1673347741 ij4-20020a170902ab4400b00192ed1330c8sm7694889plb.260 - gsmtp
2023-01-10T10:49:30.841Z - [INFO   ] - Server is running at http://localhost:5000
2023-01-10T10:49:32.243Z - [INFO   ] - Database connected successfully.
2023-01-10T10:50:22.438Z - [INFO   ] - Email sent: 250 2.0.0 OK  1673347822 h8-20020aa79f48000000b005832c23f33fsm8061906pfr.15 - gsmtp
2023-01-10T10:58:37.534Z - [INFO   ] - Server is running at http://localhost:5000
2023-01-10T10:58:43.033Z - [INFO   ] - Database connected successfully.
2023-01-10T10:59:07.303Z - [INFO   ] - Email sent: 250 2.0.0 OK  1673348347 u197-20020a6279ce000000b005855d204fd8sm7485130pfc.93 - gsmtp
2023-01-10T11:13:43.984Z - [INFO   ] - Server is running at http://localhost:5000
2023-01-10T11:13:44.494Z - [INFO   ] - Database connected successfully.
2023-01-10T11:14:11.761Z - [INFO   ] - Email sent: 250 2.0.0 OK  1673349251 k197-20020a6284ce000000b00574b86040a4sm7836113pfd.3 - gsmtp
2023-01-10T11:26:23.689Z - [INFO   ] - Server is running at http://localhost:5000
2023-01-10T11:26:24.194Z - [INFO   ] - Database connected successfully.
2023-01-10T11:26:45.533Z - [INFO   ] - Email sent: 250 2.0.0 OK  1673350005 c9-20020a056a00008900b005765df21e68sm8081441pfj.94 - gsmtp
2023-01-10T11:26:50.268Z - [ERROR  ] - ER_PARSE_ERROR: You have an error in your SQL syntax; check the manual that corresponds to your MySQL server version for the right syntax to use near '' at line 1
2023-01-10T11:27:25.963Z - [ERROR  ] - ER_PARSE_ERROR: You have an error in your SQL syntax; check the manual that corresponds to your MySQL server version for the right syntax to use near '' at line 1
2023-01-10T11:28:49.198Z - [ERROR  ] - ER_PARSE_ERROR: You have an error in your SQL syntax; check the manual that corresponds to your MySQL server version for the right syntax to use near '' at line 1
2023-01-10T11:29:51.124Z - [INFO   ] - Email sent: 250 2.0.0 OK  1673350190 v67-20020a622f46000000b00581ad007a9fsm7819017pfv.153 - gsmtp
2023-01-10T11:41:02.687Z - [INFO   ] - Server is running at http://localhost:5000
2023-01-10T11:41:04.073Z - [INFO   ] - Database connected successfully.
2023-01-10T11:48:24.420Z - [INFO   ] - Server is running at http://localhost:5000
2023-01-10T11:48:24.914Z - [INFO   ] - Database connected successfully.
2023-01-10T11:50:54.637Z - [INFO   ] - Email sent: 250 2.0.0 OK  1673351454 b7-20020a63eb47000000b00460ea630c1bsm6692945pgk.46 - gsmtp
2023-01-10T11:52:47.501Z - [INFO   ] - Server is running at http://localhost:5000
2023-01-10T11:52:47.996Z - [INFO   ] - Database connected successfully.
2023-01-10T11:54:35.599Z - [INFO   ] - Server is running at http://localhost:5000
2023-01-10T11:54:36.076Z - [INFO   ] - Database connected successfully.
2023-01-10T11:55:39.725Z - [INFO   ] - Server is running at http://localhost:5000
2023-01-10T11:55:40.241Z - [INFO   ] - Database connected successfully.
2023-01-10T11:55:59.638Z - [ERROR  ] - No recipients defined
2023-01-10T11:57:33.882Z - [INFO   ] - Server is running at http://localhost:5000
2023-01-10T11:57:34.382Z - [INFO   ] - Database connected successfully.
2023-01-10T11:57:43.571Z - [INFO   ] - Email sent: 250 2.0.0 OK  1673351863 z30-20020aa7991e000000b005898fcb7c2bsm3138150pff.170 - gsmtp
2023-01-10T12:08:47.099Z - [INFO   ] - Server is running at http://localhost:5000
2023-01-10T12:08:47.590Z - [INFO   ] - Database connected successfully.
2023-01-10T12:09:05.200Z - [INFO   ] - Email sent: 250 2.0.0 OK  1673352545 x28-20020aa78f1c000000b0056b2e70c2f5sm8014719pfr.25 - gsmtp
2023-01-10T12:09:18.101Z - [INFO   ] - Email sent: 250 2.0.0 OK  1673352557 j16-20020a63ec10000000b004b1b9e23790sm4158522pgh.92 - gsmtp
2023-01-10T12:09:29.863Z - [INFO   ] - Email sent: 250 2.0.0 OK  1673352569 c10-20020a17090a4d0a00b00226a71bd3a6sm7142512pjg.13 - gsmtp
2023-01-10T12:10:23.915Z - [INFO   ] - Email sent: 250 2.0.0 OK  1673352623 y26-20020aa79afa000000b005822ce30230sm5209727pfp.92 - gsmtp
2023-01-10T12:10:25.023Z - [INFO   ] - Email sent: 250 2.0.0 OK  1673352624 x3-20020a170902a38300b001896522a23bsm8011693pla.39 - gsmtp
2023-01-10T12:11:56.148Z - [INFO   ] - Email sent: 250 2.0.0 OK  1673352716 h10-20020a170902680a00b00190efb4071dsm7971447plk.160 - gsmtp
2023-01-10T12:11:58.086Z - [INFO   ] - Email sent: 250 2.0.0 OK  1673352717 r13-20020a17090a940d00b0020dc318a43esm7132951pjo.25 - gsmtp
2023-01-10T12:14:11.480Z - [INFO   ] - Email sent: 250 2.0.0 OK  1673352851 m7-20020a170902db0700b00192b0a07891sm8021281plx.101 - gsmtp
2023-01-10T12:15:54.347Z - [INFO   ] - Email sent: 250 2.0.0 OK  1673352954 n11-20020a170902e54b00b0018c7a5e052asm7955000plf.225 - gsmtp
2023-01-10T12:15:55.380Z - [INFO   ] - Email sent: 250 2.0.0 OK  1673352955 e18-20020a170902ef5200b00187033cac81sm8017369plx.145 - gsmtp
2023-01-10T12:15:57.233Z - [INFO   ] - Email sent: 250 2.0.0 OK  1673352957 d206-20020a621dd7000000b00589ed7ae132sm2376007pfd.13 - gsmtp
2023-01-10T12:16:42.819Z - [INFO   ] - Email sent: 250 2.0.0 OK  1673353002 u11-20020a6540cb000000b0046ff3634a78sm6696064pgp.71 - gsmtp
2023-01-10T12:16:57.271Z - [INFO   ] - Email sent: 250 2.0.0 OK  1673353017 x1-20020aa78f01000000b005882b189a44sm4469867pfr.104 - gsmtp
2023-01-10T12:17:20.966Z - [INFO   ] - Email sent: 250 2.0.0 OK  1673353040 x11-20020a170902b40b00b001931c37da2dsm6624704plr.20 - gsmtp
2023-01-10T12:17:22.068Z - [INFO   ] - Email sent: 250 2.0.0 OK  1673353041 m7-20020a63ed47000000b0046fe244ed6esm6683044pgk.23 - gsmtp
2023-01-10T12:17:23.866Z - [INFO   ] - Email sent: 250 2.0.0 OK  1673353043 4-20020a631844000000b00497c1399b38sm6669910pgy.78 - gsmtp
2023-01-10T12:17:52.602Z - [INFO   ] - Email sent: 250 2.0.0 OK  1673353072 d62-20020a623641000000b005800cb7cbcasm6208948pfa.120 - gsmtp
2023-01-10T12:17:54.138Z - [INFO   ] - Email sent: 250 2.0.0 OK  1673353074 b37-20020a631b25000000b0047917991e83sm1318218pgb.48 - gsmtp
2023-01-10T12:17:54.448Z - [INFO   ] - Email sent: 250 2.0.0 OK  1673353074 h6-20020a170902b94600b00186ad73e2d5sm7940077pls.208 - gsmtp
2023-01-10T12:22:31.589Z - [INFO   ] - Server is running at http://localhost:5000
2023-01-10T12:22:32.082Z - [INFO   ] - Database connected successfully.
2023-01-10T12:25:16.406Z - [INFO   ] - Email sent: 250 2.0.0 OK  1673353516 c10-20020a170903234a00b00188f6cbd950sm7968212plh.226 - gsmtp
2023-01-10T12:25:25.421Z - [ERROR  ] - ER_PARSE_ERROR: You have an error in your SQL syntax; check the manual that corresponds to your MySQL server version for the right syntax to use near '' at line 1
2023-01-10T12:26:20.451Z - [ERROR  ] - ER_PARSE_ERROR: You have an error in your SQL syntax; check the manual that corresponds to your MySQL server version for the right syntax to use near '' at line 1
2023-01-10T12:26:31.089Z - [ERROR  ] - ER_PARSE_ERROR: You have an error in your SQL syntax; check the manual that corresponds to your MySQL server version for the right syntax to use near '' at line 1
2023-01-10T12:26:39.759Z - [ERROR  ] - ER_PARSE_ERROR: You have an error in your SQL syntax; check the manual that corresponds to your MySQL server version for the right syntax to use near '' at line 1
2023-01-10T12:27:27.405Z - [INFO   ] - Email sent: 250 2.0.0 OK  1673353647 u5-20020a626005000000b005815017d348sm1258610pfb.179 - gsmtp
2023-01-10T12:31:18.646Z - [INFO   ] - Email sent: 250 2.0.0 OK  1673353878 b2-20020a655782000000b0047915d582ccsm6747826pgr.20 - gsmtp
2023-01-10T12:31:36.004Z - [INFO   ] - Server is running at http://localhost:5000
2023-01-10T12:31:37.148Z - [INFO   ] - Database connected successfully.
2023-01-10T12:31:43.261Z - [INFO   ] - Email sent: 250 2.0.0 OK  1673353903 u16-20020a170902e5d000b00172fad607b3sm7972531plf.207 - gsmtp
2023-01-10T12:47:34.572Z - [INFO   ] - Server is running at http://localhost:5000
2023-01-10T12:47:35.067Z - [INFO   ] - Database connected successfully.
2023-01-10T12:48:18.121Z - [INFO   ] - Email sent: 250 2.0.0 OK  1673354897 t6-20020a17090a3b4600b00225d963fbc2sm7078813pjf.34 - gsmtp
2023-01-10T12:59:38.435Z - [INFO   ] - Server is running at http://localhost:5000
2023-01-10T12:59:39.060Z - [INFO   ] - Database connected successfully.
2023-01-10T13:01:35.553Z - [INFO   ] - Server is running at http://localhost:5000
2023-01-10T13:01:36.054Z - [INFO   ] - Database connected successfully.
2023-01-10T13:25:36.632Z - [INFO   ] - Server is running at http://localhost:5000
2023-01-10T13:25:37.243Z - [INFO   ] - Database connected successfully.
2023-01-11T08:12:20.280Z - [INFO   ] - Server is running at http://localhost:5000
2023-01-11T08:12:24.021Z - [INFO   ] - Database connected successfully.
2023-01-11T12:22:34.902Z - [INFO   ] - Server is running at http://localhost:5000
2023-01-11T12:22:37.192Z - [INFO   ] - Database connected successfully.
2023-01-11T12:25:50.650Z - [INFO   ] - Server is running at http://localhost:5000
2023-01-11T12:25:59.322Z - [INFO   ] - Server is running at http://localhost:5000
2023-01-11T12:26:01.574Z - [INFO   ] - Database connected successfully.
2023-01-11T12:47:26.138Z - [INFO   ] - Server is running at http://localhost:5000
2023-01-11T12:47:31.839Z - [INFO   ] - Database connected successfully.
2023-01-11T12:48:49.184Z - [INFO   ] - Server is running at http://localhost:5000
2023-01-11T12:48:54.792Z - [INFO   ] - Database connected successfully.
2023-01-11T12:50:41.817Z - [INFO   ] - Server is running at http://localhost:5000
2023-01-11T12:50:42.514Z - [INFO   ] - Database connected successfully.
2023-01-11T12:51:16.959Z - [INFO   ] - Server is running at http://localhost:5000
2023-01-11T12:51:22.650Z - [INFO   ] - Database connected successfully.
2023-01-11T22:42:23.093Z - [INFO   ] - Server is running at http://localhost:5000
2023-01-11T22:42:23.096Z - [ERROR  ] - getaddrinfo EAI_AGAIN db4free.net
2023-01-11T22:47:46.773Z - [INFO   ] - Server is running at http://localhost:5000
2023-01-11T22:47:49.196Z - [INFO   ] - Database connected successfully.
2023-01-11T22:48:19.588Z - [INFO   ] - Server is running at http://localhost:5000
2023-01-11T22:48:20.198Z - [INFO   ] - Database connected successfully.
2023-01-11T23:17:36.148Z - [INFO   ] - Server is running at http://localhost:5000
2023-01-11T23:17:37.689Z - [INFO   ] - Database connected successfully.
2023-01-11T23:50:07.465Z - [INFO   ] - Server is running at http://localhost:5000
2023-01-11T23:50:11.267Z - [INFO   ] - Database connected successfully.
2023-01-12T05:45:35.235Z - [INFO   ] - Server is running at http://localhost:5000
2023-01-12T05:45:36.643Z - [INFO   ] - Database connected successfully.
2023-01-12T05:46:01.944Z - [INFO   ] - Server is running at http://localhost:5000
2023-01-12T05:46:07.723Z - [INFO   ] - Server is running at http://localhost:5000
2023-01-12T05:46:11.535Z - [INFO   ] - Database connected successfully.
2023-01-12T06:21:02.246Z - [INFO   ] - Server is running at http://localhost:5000
2023-01-12T06:21:02.835Z - [INFO   ] - Database connected successfully.
2023-01-12T06:33:29.997Z - [INFO   ] - Server is running at http://localhost:5000
2023-01-12T06:33:30.612Z - [INFO   ] - Database connected successfully.
2023-01-12T06:43:28.900Z - [ERROR  ] - read ECONNRESET
2023-01-12T06:43:44.038Z - [INFO   ] - Server is running at http://localhost:5000
2023-01-12T06:43:45.458Z - [INFO   ] - Database connected successfully.
2023-01-12T06:44:28.976Z - [INFO   ] - Email sent: 250 2.0.0 OK  1673505868 p64-20020a625b43000000b00581fb8e665csm4490937pfb.67 - gsmtp
2023-01-12T06:47:55.723Z - [INFO   ] - Server is running at http://localhost:5000
2023-01-12T06:47:56.952Z - [INFO   ] - Database connected successfully.
2023-01-12T07:03:28.066Z - [INFO   ] - Server is running at http://localhost:5000
2023-01-12T07:03:30.133Z - [INFO   ] - Database connected successfully.
2023-01-12T07:04:22.897Z - [INFO   ] - Email sent: 250 2.0.0 OK  1673507062 im22-20020a170902bb1600b00186748fe6ccsm11322474plb.214 - gsmtp
2023-01-12T07:11:31.326Z - [INFO   ] - Server is running at http://localhost:5000
2023-01-12T07:11:32.495Z - [INFO   ] - Database connected successfully.
2023-01-12T07:12:34.795Z - [INFO   ] - Server is running at http://localhost:5000
2023-01-12T07:12:35.727Z - [INFO   ] - Database connected successfully.
2023-01-12T07:15:40.014Z - [INFO   ] - Server is running at http://localhost:5000
2023-01-12T07:15:41.246Z - [INFO   ] - Database connected successfully.
2023-01-12T07:17:18.057Z - [INFO   ] - Server is running at http://localhost:5000
2023-01-12T07:17:19.012Z - [INFO   ] - Database connected successfully.
2023-01-12T07:19:09.082Z - [INFO   ] - Server is running at http://localhost:5000
2023-01-12T07:19:10.565Z - [INFO   ] - Database connected successfully.
2023-01-12T07:20:38.740Z - [INFO   ] - Server is running at http://localhost:5000
2023-01-12T07:20:40.056Z - [INFO   ] - Database connected successfully.
2023-01-12T07:21:27.087Z - [INFO   ] - Email sent: 250 2.0.0 OK  1673508086 c6-20020a170902c1c600b00177f4ef7970sm11478229plc.11 - gsmtp
2023-01-12T07:24:29.286Z - [INFO   ] - Server is running at http://localhost:5000
2023-01-12T07:24:30.723Z - [INFO   ] - Database connected successfully.
2023-01-12T07:27:19.174Z - [INFO   ] - Server is running at http://localhost:5000
2023-01-12T07:27:20.435Z - [INFO   ] - Database connected successfully.
2023-01-12T07:28:55.202Z - [INFO   ] - Email sent: 250 2.0.0 OK  1673508534 n14-20020aa7984e000000b00581b699dc76sm11157472pfq.151 - gsmtp
2023-01-12T07:30:33.474Z - [INFO   ] - Server is running at http://localhost:5000
2023-01-12T07:30:34.312Z - [INFO   ] - Database connected successfully.
2023-01-12T07:33:50.132Z - [INFO   ] - Server is running at http://localhost:5000
2023-01-12T07:33:51.366Z - [INFO   ] - Database connected successfully.
2023-01-12T07:34:27.389Z - [INFO   ] - Server is running at http://localhost:5000
2023-01-12T07:34:29.067Z - [INFO   ] - Database connected successfully.
2023-01-12T07:41:34.340Z - [INFO   ] - Server is running at http://localhost:5000
2023-01-12T07:41:36.083Z - [INFO   ] - Database connected successfully.
2023-01-12T07:45:23.105Z - [INFO   ] - Server is running at http://localhost:5000
2023-01-12T07:45:24.305Z - [INFO   ] - Database connected successfully.
2023-01-12T08:00:07.516Z - [ERROR  ] - read ECONNRESET
2023-01-12T08:00:21.637Z - [INFO   ] - Server is running at http://localhost:5000
2023-01-12T08:00:23.043Z - [INFO   ] - Database connected successfully.
2023-01-12T08:00:53.270Z - [INFO   ] - Email sent: 250 2.0.0 OK  1673510453 p8-20020a170902780800b0019117164732sm11445101pll.213 - gsmtp
2023-01-12T08:01:27.258Z - [INFO   ] - Email sent: 250 2.0.0 OK  1673510487 e26-20020aa7981a000000b00585cb0efebbsm704959pfl.175 - gsmtp
2023-01-12T08:01:58.196Z - [INFO   ] - Email sent: 250 2.0.0 OK  1673510518 b7-20020a62cf07000000b0058af0b6dc7csm4285441pfg.75 - gsmtp
2023-01-12T08:16:59.710Z - [INFO   ] - Server is running at http://localhost:5000
2023-01-12T08:17:00.929Z - [INFO   ] - Database connected successfully.
2023-01-12T08:20:22.277Z - [INFO   ] - Email sent: 250 2.0.0 OK  1673511622 h7-20020a17090a9c0700b00219cf5c3829sm10113456pjp.57 - gsmtp
2023-01-12T08:29:02.066Z - [INFO   ] - Server is running at http://localhost:5000
2023-01-12T08:29:02.648Z - [INFO   ] - Database connected successfully.
2023-01-12T08:37:23.075Z - [INFO   ] - Server is running at http://localhost:5000
2023-01-12T08:37:23.657Z - [INFO   ] - Database connected successfully.
2023-01-12T09:36:08.932Z - [INFO   ] - Server is running at http://localhost:5000
2023-01-12T09:36:09.857Z - [INFO   ] - Database connected successfully.
2023-01-12T09:46:22.241Z - [INFO   ] - Server is running at http://localhost:5000
2023-01-12T09:46:23.291Z - [INFO   ] - Server is running at http://localhost:5000
2023-01-12T09:46:23.900Z - [INFO   ] - Database connected successfully.
2023-01-12T09:49:24.900Z - [INFO   ] - Server is running at http://localhost:5000
2023-01-12T09:49:25.473Z - [INFO   ] - Database connected successfully.
2023-01-12T11:01:04.155Z - [INFO   ] - Server is running at http://localhost:5000
2023-01-12T11:01:06.251Z - [ERROR  ] - ER_CANT_CREATE_THREAD: Can't create a new thread (errno 11); if you are not out of available memory, you can consult the manual for a possible OS-dependent bug
2023-01-12T11:24:33.596Z - [INFO   ] - Server is running at http://localhost:5000
2023-01-12T11:24:35.196Z - [ERROR  ] - ER_CANT_CREATE_THREAD: Can't create a new thread (errno 11); if you are not out of available memory, you can consult the manual for a possible OS-dependent bug
2023-01-12T11:44:22.450Z - [INFO   ] - Server is running at http://localhost:5000
2023-01-12T11:44:23.354Z - [ERROR  ] - ER_CANT_CREATE_THREAD: Can't create a new thread (errno 11); if you are not out of available memory, you can consult the manual for a possible OS-dependent bug
2023-01-12T12:09:03.989Z - [INFO   ] - Server is running at http://localhost:5000
2023-01-12T12:09:05.689Z - [INFO   ] - Database connected successfully.
2023-01-12T12:11:18.586Z - [INFO   ] - Email sent: 250 2.0.0 OK  1673525478 u11-20020a6540cb000000b0046ff3634a78sm10045393pgp.71 - gsmtp
2023-01-12T12:16:03.965Z - [INFO   ] - Server is running at http://localhost:5000
2023-01-12T12:16:04.528Z - [INFO   ] - Database connected successfully.
2023-01-12T12:22:20.200Z - [INFO   ] - Server is running at http://localhost:5000
2023-01-12T12:22:20.827Z - [INFO   ] - Database connected successfully.
2023-01-12T12:24:23.654Z - [INFO   ] - Email sent: 250 2.0.0 OK  1673526263 x21-20020a17090ab01500b00226eadf094dsm10129973pjq.30 - gsmtp
2023-01-12T12:29:35.171Z - [INFO   ] - Server is running at http://localhost:5000
2023-01-12T12:29:35.749Z - [INFO   ] - Database connected successfully.
2023-01-12T12:29:43.700Z - [INFO   ] - Email sent: 250 2.0.0 OK  1673526583 145-20020a621697000000b00588d5c8b633sm7475848pfw.51 - gsmtp
2023-01-12T12:29:45.746Z - [INFO   ] - Email sent: 250 2.0.0 OK  1673526585 e7-20020a17090a684700b002260c751b00sm1094934pjm.23 - gsmtp
2023-01-12T12:43:18.700Z - [INFO   ] - Server is running at http://localhost:5000
2023-01-12T12:43:19.311Z - [INFO   ] - Database connected successfully.
2023-01-12T12:45:14.255Z - [INFO   ] - Email sent: 250 2.0.0 OK  1673527514 b7-20020a62cf07000000b0058af0b6dc7csm4859931pfg.75 - gsmtp
2023-01-12T12:54:51.714Z - [INFO   ] - Server is running at http://localhost:5000
2023-01-12T12:54:52.307Z - [INFO   ] - Database connected successfully.
2023-01-12T12:55:35.670Z - [INFO   ] - Server is running at http://localhost:5000
2023-01-12T12:55:36.234Z - [INFO   ] - Database connected successfully.
2023-01-12T12:57:59.776Z - [INFO   ] - Email sent: 250 2.0.0 OK  1673528279 a16-20020a170902ecd000b001868ed86a95sm12158956plh.174 - gsmtp
2023-01-12T13:00:03.355Z - [INFO   ] - Server is running at http://localhost:5000
2023-01-12T13:00:03.921Z - [INFO   ] - Database connected successfully.
2023-01-12T13:00:45.506Z - [INFO   ] - Server is running at http://localhost:5000
2023-01-12T13:00:46.251Z - [INFO   ] - Database connected successfully.
2023-01-12T13:02:10.363Z - [INFO   ] - Server is running at http://localhost:5000
2023-01-12T13:02:11.205Z - [INFO   ] - Database connected successfully.
2023-01-12T13:04:08.777Z - [INFO   ] - Server is running at http://localhost:5000
2023-01-12T13:04:09.325Z - [INFO   ] - Database connected successfully.
2023-01-12T13:06:29.642Z - [INFO   ] - Server is running at http://localhost:5000
2023-01-12T13:06:30.218Z - [INFO   ] - Database connected successfully.
2023-01-12T13:10:15.184Z - [INFO   ] - Server is running at http://localhost:5000
2023-01-12T13:10:16.177Z - [INFO   ] - Database connected successfully.
2023-01-12T13:12:38.908Z - [INFO   ] - Email sent: 250 2.0.0 OK  1673529158 h7-20020a170902680700b001895f7c8a71sm12241929plk.97 - gsmtp
2023-01-12T15:07:23.182Z - [INFO   ] - Server is running at http://localhost:5000
2023-01-12T15:07:23.797Z - [INFO   ] - Database connected successfully.
2023-01-12T15:08:10.309Z - [INFO   ] - Server is running at http://localhost:5000
2023-01-12T15:08:10.996Z - [INFO   ] - Database connected successfully.
2023-01-12T15:19:45.214Z - [INFO   ] - Server is running at http://localhost:5000
2023-01-12T15:19:46.003Z - [INFO   ] - Database connected successfully.
2023-01-12T15:20:03.775Z - [INFO   ] - Server is running at http://localhost:5000
2023-01-12T15:20:04.545Z - [INFO   ] - Database connected successfully.
2023-01-12T15:23:20.611Z - [INFO   ] - Server is running at http://localhost:5000
2023-01-12T15:23:29.226Z - [INFO   ] - Database connected successfully.
2023-01-12T15:42:28.534Z - [INFO   ] - Server is running at http://localhost:5000
2023-01-12T15:42:29.292Z - [INFO   ] - Database connected successfully.
2023-01-12T15:43:39.112Z - [INFO   ] - Server is running at http://localhost:5000
2023-01-12T15:43:39.748Z - [INFO   ] - Database connected successfully.
2023-01-12T15:44:29.765Z - [INFO   ] - Server is running at http://localhost:5000
2023-01-12T15:44:30.442Z - [INFO   ] - Database connected successfully.
2023-01-12T15:50:05.253Z - [INFO   ] - Server is running at http://localhost:5000
2023-01-12T15:50:05.872Z - [INFO   ] - Database connected successfully.
2023-01-12T15:53:56.807Z - [INFO   ] - Server is running at http://localhost:5000
2023-01-12T15:53:57.508Z - [INFO   ] - Database connected successfully.
2023-01-12T15:58:03.077Z - [INFO   ] - Server is running at http://localhost:5000
2023-01-12T15:58:04.705Z - [INFO   ] - Database connected successfully.
2023-01-12T16:00:48.471Z - [INFO   ] - registration is successfull
2023-01-12T16:01:16.814Z - [INFO   ] - Email sent: 250 2.0.0 OK  1673539276 145-20020a621697000000b00588d5c8b633sm7754660pfw.51 - gsmtp
2023-01-12T16:04:31.144Z - [INFO   ] - Server is running at http://localhost:5000
2023-01-12T16:04:31.792Z - [INFO   ] - Database connected successfully.
2023-01-12T16:06:52.248Z - [INFO   ] - Server is running at http://localhost:5000
2023-01-12T16:06:52.865Z - [INFO   ] - Database connected successfully.
2023-01-12T16:07:26.538Z - [INFO   ] - Server is running at http://localhost:5000
2023-01-12T16:07:27.108Z - [INFO   ] - Database connected successfully.
2023-01-12T16:08:12.415Z - [INFO   ] - Server is running at http://localhost:5000
2023-01-12T16:08:13.151Z - [INFO   ] - Database connected successfully.
2023-01-13T05:48:49.883Z - [INFO   ] - Server is running at http://localhost:5000
2023-01-13T05:48:49.886Z - [ERROR  ] - getaddrinfo EAI_AGAIN db4free.net
2023-01-13T05:49:04.220Z - [INFO   ] - Server is running at http://localhost:5000
2023-01-13T05:49:04.224Z - [ERROR  ] - getaddrinfo EAI_AGAIN db4free.net
2023-01-13T05:51:48.634Z - [INFO   ] - Server is running at http://localhost:5000
2023-01-13T05:51:50.806Z - [INFO   ] - Database connected successfully.
2023-01-13T05:57:56.569Z - [INFO   ] - Server is running at http://localhost:5000
2023-01-13T05:57:58.846Z - [INFO   ] - Database connected successfully.
2023-01-13T06:31:57.020Z - [INFO   ] - Server is running at http://localhost:5000
2023-01-13T06:32:00.715Z - [INFO   ] - Database connected successfully.
2023-01-13T06:32:51.451Z - [INFO   ] - Email sent: 250 2.0.0 OK  1673591571 r3-20020a632b03000000b00478e14e6e76sm11238396pgr.32 - gsmtp
2023-01-13T06:56:39.864Z - [INFO   ] - Server is running at http://localhost:5000
2023-01-13T06:56:43.987Z - [INFO   ] - Database connected successfully.
2023-01-13T06:57:57.613Z - [INFO   ] - Email sent: 250 2.0.0 OK  1673593077 o16-20020aa79790000000b0058ba2ebee1bsm2643930pfp.213 - gsmtp
2023-01-13T07:00:00.816Z - [INFO   ] - Server is running at http://localhost:5000
2023-01-13T07:00:02.342Z - [INFO   ] - Database connected successfully.
2023-01-13T07:08:43.738Z - [INFO   ] - Server is running at http://localhost:5000
2023-01-13T07:08:44.223Z - [INFO   ] - Database connected successfully.
2023-01-13T07:09:51.844Z - [INFO   ] - Email sent: 250 2.0.0 OK  1673593791 fs7-20020a17090af28700b00218abadb6a8sm11901471pjb.49 - gsmtp
2023-01-13T07:17:13.556Z - [INFO   ] - Server is running at http://localhost:5000
2023-01-13T07:17:14.107Z - [INFO   ] - Database connected successfully.
2023-01-13T07:33:18.333Z - [INFO   ] - Server is running at http://localhost:5000
2023-01-13T07:33:22.027Z - [INFO   ] - Database connected successfully.
2023-01-13T07:33:46.104Z - [INFO   ] - Server is running at http://localhost:5000
2023-01-13T07:33:46.639Z - [INFO   ] - Database connected successfully.
2023-01-13T07:34:36.173Z - [INFO   ] - Email sent: 250 2.0.0 OK  1673595276 i9-20020a17090332c900b00189988a1a9esm13389912plr.135 - gsmtp
2023-01-13T07:38:13.975Z - [INFO   ] - Server is running at http://localhost:5000
2023-01-13T07:38:14.458Z - [INFO   ] - Database connected successfully.
2023-01-13T07:48:46.764Z - [INFO   ] - Server is running at http://localhost:5000
2023-01-13T07:48:47.272Z - [INFO   ] - Database connected successfully.
2023-01-13T07:49:24.885Z - [INFO   ] - Email sent: 250 2.0.0 OK  1673596164 r5-20020aa79ec5000000b00589605fb0a1sm8562650pfq.96 - gsmtp
2023-01-13T08:52:12.770Z - [INFO   ] - Server is running at http://localhost:5000
2023-01-13T08:52:13.407Z - [INFO   ] - Database connected successfully.
2023-01-13T09:01:32.074Z - [INFO   ] - Server is running at http://localhost:5000
2023-01-13T09:01:33.177Z - [INFO   ] - Database connected successfully.
2023-01-13T09:01:57.158Z - [INFO   ] - Email sent: 250 2.0.0 OK  1673600517 s62-20020a625e41000000b00580a0bb411fsm12505818pfb.174 - gsmtp
2023-01-13T09:44:21.761Z - [INFO   ] - Server is running at http://localhost:5000
2023-01-13T09:44:23.358Z - [INFO   ] - Database connected successfully.
2023-01-13T09:45:36.163Z - [INFO   ] - Email sent: 250 2.0.0 OK  1673603136 k11-20020a170902c40b00b001889e58d520sm13594366plk.184 - gsmtp
2023-01-13T09:49:48.891Z - [INFO   ] - Server is running at http://localhost:5000
2023-01-13T09:49:50.426Z - [INFO   ] - Database connected successfully.
2023-01-13T09:50:46.402Z - [INFO   ] - Server is running at http://localhost:5000
2023-01-13T09:50:47.056Z - [INFO   ] - Database connected successfully.
2023-01-13T09:54:30.900Z - [INFO   ] - Server is running at http://localhost:5000
2023-01-13T09:54:31.392Z - [INFO   ] - Database connected successfully.
2023-01-13T09:59:44.326Z - [INFO   ] - Server is running at http://localhost:5000
2023-01-13T09:59:44.821Z - [INFO   ] - Database connected successfully.
2023-01-13T10:04:07.178Z - [INFO   ] - Server is running at http://localhost:5000
2023-01-13T10:04:07.675Z - [INFO   ] - Database connected successfully.
2023-01-13T10:13:17.950Z - [INFO   ] - Server is running at http://localhost:5000
2023-01-13T10:13:18.460Z - [INFO   ] - Database connected successfully.
2023-01-13T10:13:49.932Z - [INFO   ] - Server is running at http://localhost:5000
2023-01-13T10:13:50.436Z - [INFO   ] - Database connected successfully.
2023-01-13T10:14:23.576Z - [INFO   ] - Server is running at http://localhost:5000
2023-01-13T10:14:29.964Z - [INFO   ] - Database connected successfully.
2023-01-13T10:15:43.106Z - [INFO   ] - Email sent: 250 2.0.0 OK  1673604943 v126-20020a622f84000000b005775c52dbc4sm13194332pfv.167 - gsmtp
2023-01-13T10:20:36.647Z - [INFO   ] - Server is running at http://localhost:5000
2023-01-13T10:20:37.143Z - [INFO   ] - Database connected successfully.
2023-01-13T10:23:43.635Z - [INFO   ] - Server is running at http://localhost:5000
2023-01-13T10:23:44.080Z - [INFO   ] - Database connected successfully.
2023-01-13T10:29:10.905Z - [INFO   ] - registration is successfull
2023-01-13T10:30:10.626Z - [INFO   ] - Email sent: 250 2.0.0 OK  1673605810 12-20020a63114c000000b004c13dddf521sm1193277pgr.30 - gsmtp
2023-01-13T10:34:35.150Z - [INFO   ] - Server is running at http://localhost:5000
2023-01-13T10:34:35.654Z - [INFO   ] - Database connected successfully.
2023-01-13T10:40:36.072Z - [INFO   ] - Server is running at http://localhost:5000
2023-01-13T10:40:39.607Z - [INFO   ] - Database connected successfully.
2023-01-13T10:42:06.009Z - [INFO   ] - Server is running at http://localhost:5000
2023-01-13T10:42:06.508Z - [INFO   ] - Database connected successfully.
2023-01-13T10:43:58.533Z - [INFO   ] - Email sent: 250 2.0.0 OK  1673606638 z4-20020aa79f84000000b00573a9d13e9esm13447843pfr.36 - gsmtp
2023-01-13T10:45:47.675Z - [INFO   ] - Email sent: 250 2.0.0 OK  1673606747 r2-20020aa79882000000b0057447bb0ddcsm13357635pfl.49 - gsmtp
2023-01-13T10:47:07.011Z - [INFO   ] - Server is running at http://localhost:5000
2023-01-13T10:47:07.353Z - [ERROR  ] - ER_CANT_CREATE_THREAD: Can't create a new thread (errno 11); if you are not out of available memory, you can consult the manual for a possible OS-dependent bug
2023-01-13T10:47:10.075Z - [ERROR  ] - Cannot enqueue Query after fatal error.
2023-01-13T10:47:28.096Z - [INFO   ] - Server is running at http://localhost:5000
2023-01-13T10:47:28.429Z - [ERROR  ] - ER_CANT_CREATE_THREAD: Can't create a new thread (errno 11); if you are not out of available memory, you can consult the manual for a possible OS-dependent bug
2023-01-13T11:07:59.664Z - [INFO   ] - Server is running at http://localhost:5000
2023-01-13T11:08:00.090Z - [ERROR  ] - ER_CANT_CREATE_THREAD: Can't create a new thread (errno 11); if you are not out of available memory, you can consult the manual for a possible OS-dependent bug
2023-01-13T11:22:16.134Z - [INFO   ] - Server is running at http://localhost:5000
2023-01-13T11:22:22.701Z - [INFO   ] - Database connected successfully.
2023-01-13T11:24:02.144Z - [INFO   ] - Email sent: 250 2.0.0 OK  1673609042 a82-20020a621a55000000b00587c11bc925sm10232364pfa.168 - gsmtp
2023-01-13T13:18:46.836Z - [INFO   ] - Server is running at http://localhost:5000
2023-01-13T13:18:49.721Z - [INFO   ] - Database connected successfully.
2023-01-13T13:24:32.686Z - [INFO   ] - Server is running at http://localhost:5000
2023-01-13T13:24:33.225Z - [INFO   ] - Database connected successfully.
2023-01-13T13:25:27.473Z - [INFO   ] - Server is running at http://localhost:5000
2023-01-13T13:25:28.040Z - [INFO   ] - Database connected successfully.
2023-01-13T13:26:24.071Z - [INFO   ] - Email sent: 250 2.0.0 OK  1673616383 c13-20020a170902d48d00b001925c3ec34esm3824005plg.196 - gsmtp
2023-01-13T13:41:13.973Z - [ERROR  ] - read ECONNRESET
2023-01-13T13:41:46.723Z - [INFO   ] - Server is running at http://localhost:5000
2023-01-13T13:41:47.346Z - [INFO   ] - Database connected successfully.
2023-01-13T13:42:17.973Z - [INFO   ] - Email sent: 250 2.0.0 OK  1673617337 t13-20020a1709027fcd00b00176b84eb29asm14072271plb.301 - gsmtp
2023-01-13T13:48:24.058Z - [INFO   ] - Server is running at http://localhost:5000
2023-01-13T13:48:24.662Z - [INFO   ] - Database connected successfully.
2023-01-13T13:49:31.867Z - [INFO   ] - Server is running at http://localhost:5000
2023-01-13T13:49:32.445Z - [INFO   ] - Database connected successfully.
2023-01-13T13:53:23.593Z - [INFO   ] - Email sent: 250 2.0.0 OK  1673618003 a13-20020aa7970d000000b00582197fa7b4sm13691443pfg.7 - gsmtp
2023-01-13T13:55:35.870Z - [INFO   ] - Server is running at http://localhost:5000
2023-01-13T13:55:36.580Z - [INFO   ] - Database connected successfully.
2023-01-13T13:58:10.271Z - [INFO   ] - Server is running at http://localhost:5000
2023-01-13T13:58:11.077Z - [INFO   ] - Database connected successfully.
2023-01-13T14:00:54.584Z - [INFO   ] - Server is running at http://localhost:5000
2023-01-13T14:00:55.432Z - [INFO   ] - Database connected successfully.
2023-01-13T14:01:22.897Z - [INFO   ] - Server is running at http://localhost:5000
2023-01-13T14:01:23.466Z - [INFO   ] - Database connected successfully.
2023-01-13T14:01:46.832Z - [INFO   ] - Server is running at http://localhost:5000
2023-01-13T14:01:47.415Z - [INFO   ] - Database connected successfully.
2023-01-13T14:03:50.758Z - [INFO   ] - Server is running at http://localhost:5000
2023-01-13T14:03:51.348Z - [INFO   ] - Database connected successfully.
2023-01-13T14:05:38.816Z - [INFO   ] - Server is running at http://localhost:5000
2023-01-13T14:05:39.379Z - [INFO   ] - Database connected successfully.
2023-01-14T06:11:01.693Z - [INFO   ] - Server is running at http://localhost:5000
2023-01-14T06:11:01.701Z - [ERROR  ] - getaddrinfo EAI_AGAIN db4free.net
2023-01-14T06:11:30.653Z - [INFO   ] - Server is running at http://localhost:5000
2023-01-14T06:11:32.761Z - [INFO   ] - Database connected successfully.
2023-01-14T06:14:03.029Z - [INFO   ] - Email sent: 250 2.0.0 OK  1673676842 c11-20020a170903234b00b0019277df45a6sm15296755plh.53 - gsmtp
2023-01-14T06:29:06.672Z - [ERROR  ] - read ECONNRESET
2023-01-14T06:30:11.781Z - [INFO   ] - Server is running at http://localhost:5000
2023-01-14T06:30:13.358Z - [INFO   ] - Database connected successfully.
2023-01-14T06:30:43.125Z - [INFO   ] - Email sent: 250 2.0.0 OK  1673677843 v184-20020a622fc1000000b0058bb1ea58ccsm2606336pfv.57 - gsmtp
2023-01-14T06:44:34.894Z - [INFO   ] - Server is running at http://localhost:5000
2023-01-14T06:44:36.369Z - [INFO   ] - Database connected successfully.
2023-01-14T06:45:32.293Z - [INFO   ] - Email sent: 250 2.0.0 OK  1673678732 f5-20020a63f105000000b00478c48cf73csm11181295pgi.82 - gsmtp
2023-01-14T07:47:57.727Z - [INFO   ] - Server is running at http://localhost:5000
2023-01-14T07:47:57.736Z - [ERROR  ] - getaddrinfo EAI_AGAIN db4free.net
2023-01-14T07:48:43.121Z - [INFO   ] - Server is running at http://localhost:5000
2023-01-14T07:48:44.872Z - [INFO   ] - Database connected successfully.
2023-01-14T07:50:51.906Z - [INFO   ] - Email sent: 250 2.0.0 OK  1673682651 o6-20020a170902d4c600b0019280bac7a6sm15291920plg.152 - gsmtp
2023-01-14T07:56:09.975Z - [INFO   ] - Server is running at http://localhost:5000
2023-01-14T07:56:11.378Z - [INFO   ] - Database connected successfully.
2023-01-14T08:11:47.662Z - [ERROR  ] - read ECONNRESET
2023-01-14T08:12:02.437Z - [INFO   ] - Server is running at http://localhost:5000
2023-01-14T08:12:03.627Z - [INFO   ] - Database connected successfully.
2023-01-14T08:12:30.211Z - [INFO   ] - Email sent: 250 2.0.0 OK  1673683950 o189-20020a62cdc6000000b0058baa6586f3sm3816596pfg.135 - gsmtp
2023-01-14T08:24:24.999Z - [INFO   ] - Server is running at http://localhost:5000
2023-01-14T08:24:26.119Z - [INFO   ] - Database connected successfully.
2023-01-14T08:27:28.878Z - [INFO   ] - Server is running at http://localhost:5000
2023-01-14T08:27:30.137Z - [INFO   ] - Database connected successfully.
2023-01-14T08:27:47.860Z - [INFO   ] - Server is running at http://localhost:5000
2023-01-14T08:27:48.949Z - [INFO   ] - Database connected successfully.
2023-01-14T08:35:04.764Z - [ERROR  ] - read ECONNRESET
2023-01-14T08:35:18.870Z - [INFO   ] - Server is running at http://localhost:5000
2023-01-14T08:35:20.222Z - [INFO   ] - Database connected successfully.
2023-01-14T08:35:54.012Z - [INFO   ] - Email sent: 250 2.0.0 OK  1673685353 s14-20020a170902ea0e00b001926bff074fsm15399338plg.276 - gsmtp
2023-01-14T08:46:42.207Z - [INFO   ] - Server is running at http://localhost:5000
2023-01-14T08:46:48.397Z - [INFO   ] - Database connected successfully.
2023-01-14T08:48:18.487Z - [INFO   ] - Email sent: 250 2.0.0 OK  1673686098 w18-20020a170902e89200b00186a2444a43sm15384245plg.27 - gsmtp
2023-01-14T10:00:07.729Z - [INFO   ] - Server is running at http://localhost:5000
2023-01-14T10:00:10.052Z - [INFO   ] - Database connected successfully.
2023-01-14T10:08:42.615Z - [INFO   ] - Server is running at http://localhost:5000
2023-01-14T10:08:44.282Z - [INFO   ] - Database connected successfully.
2023-01-14T10:55:36.332Z - [ERROR  ] - read ECONNRESET
2023-01-14T10:56:13.807Z - [INFO   ] - Server is running at http://localhost:5000
2023-01-14T10:56:14.365Z - [INFO   ] - Database connected successfully.
2023-01-14T10:56:44.706Z - [INFO   ] - Email sent: 250 2.0.0 OK  1673693804 c1-20020a170903234100b0017f48a9e2d6sm15589863plh.292 - gsmtp
2023-01-14T10:58:37.241Z - [INFO   ] - Email sent: 250 2.0.0 OK  1673693917 i8-20020a17090a138800b00226369149cesm15298900pja.21 - gsmtp
2023-01-14T11:40:56.570Z - [INFO   ] - Server is running at http://localhost:5000
2023-01-14T11:40:57.286Z - [INFO   ] - Database connected successfully.
2023-01-14T12:24:42.009Z - [ERROR  ] - read ECONNRESET
2023-01-14T12:25:13.258Z - [INFO   ] - Server is running at http://localhost:5000
2023-01-14T12:25:13.929Z - [INFO   ] - Database connected successfully.
2023-01-14T12:26:03.944Z - [INFO   ] - Email sent: 250 2.0.0 OK  1673699163 d8-20020a170903230800b00189ac5a2340sm15852945plh.124 - gsmtp
2023-01-15T13:10:49.096Z - [INFO   ] - Server is running at http://localhost:5000
2023-01-15T13:10:50.828Z - [INFO   ] - Database connected successfully.
2023-01-15T13:11:41.523Z - [INFO   ] - Server is running at http://localhost:5000
2023-01-15T13:11:43.151Z - [INFO   ] - Database connected successfully.
2023-01-15T13:12:23.048Z - [INFO   ] - Server is running at http://localhost:5000
2023-01-15T13:12:37.803Z - [INFO   ] - Database connected successfully.
2023-01-15T13:14:11.857Z - [INFO   ] - Email sent: 250 2.0.0 OK  1673788451 e3-20020a63f543000000b004cd2eebc551sm96915pgk.62 - gsmtp
2023-01-15T13:49:26.887Z - [INFO   ] - Server is running at http://localhost:5000
2023-01-15T13:49:28.102Z - [INFO   ] - Database connected successfully.
2023-01-15T13:50:04.955Z - [INFO   ] - Email sent: 250 2.0.0 OK  1673790604 z9-20020a170903018900b00189db296776sm17547652plg.17 - gsmtp
2023-01-16T04:03:54.749Z - [INFO   ] - Server is running at http://localhost:5000
2023-01-16T04:03:56.467Z - [INFO   ] - Database connected successfully.
2023-01-16T04:05:04.295Z - [INFO   ] - Email sent: 250 2.0.0 OK  1673841904 z6-20020aa79f86000000b0057726bd7335sm10675195pfr.121 - gsmtp
2023-01-16T04:08:39.260Z - [INFO   ] - Email sent: 250 2.0.0 OK  1673842118 g11-20020a17090a300b00b0021900ba8eeesm2571924pjb.2 - gsmtp
2023-01-16T06:36:02.170Z - [INFO   ] - Server is running at http://localhost:5000
2023-01-16T06:36:02.826Z - [INFO   ] - Database connected successfully.
2023-01-16T08:43:24.577Z - [INFO   ] - Server is running at http://localhost:5000
2023-01-16T08:43:30.821Z - [INFO   ] - Database connected successfully.
2023-01-16T08:50:11.038Z - [INFO   ] - Server is running at http://localhost:5000
2023-01-16T08:50:12.212Z - [INFO   ] - Database connected successfully.
2023-01-16T08:50:34.585Z - [INFO   ] - Server is running at http://localhost:5000
2023-01-16T08:50:36.225Z - [INFO   ] - Database connected successfully.
2023-01-16T11:19:06.922Z - [INFO   ] - Server is running at http://localhost:5000
2023-01-16T11:19:08.185Z - [INFO   ] - Database connected successfully.
2023-01-16T11:25:43.285Z - [INFO   ] - Server is running at http://localhost:5000
2023-01-16T11:25:44.536Z - [INFO   ] - Database connected successfully.
2023-01-16T12:00:00.731Z - [INFO   ] - Server is running at http://localhost:5000
2023-01-16T12:00:11.371Z - [INFO   ] - Database connected successfully.
2023-01-16T12:00:23.655Z - [INFO   ] - Email sent: 250 2.0.0 OK  1673870423 x186-20020a6231c3000000b0058bcb42dd1asm3687855pfx.111 - gsmtp
2023-01-16T12:00:29.260Z - [INFO   ] - Email sent: 250 2.0.0 OK  1673870428 a20-20020aa79714000000b0058d9a5bac88sm2377507pfg.203 - gsmtp
2023-01-16T12:01:59.219Z - [INFO   ] - Email sent: 250 2.0.0 OK  1673870519 k18-20020a628412000000b0058103f45d9esm14853027pfd.82 - gsmtp
2023-01-16T12:03:22.022Z - [INFO   ] - Server is running at http://localhost:5000
2023-01-16T12:03:28.092Z - [INFO   ] - Database connected successfully.
2023-01-16T12:07:06.582Z - [INFO   ] - Server is running at http://localhost:5000
2023-01-16T12:07:08.034Z - [INFO   ] - Database connected successfully.
2023-01-16T12:07:33.451Z - [INFO   ] - Server is running at http://localhost:5000
2023-01-16T12:07:34.959Z - [INFO   ] - Database connected successfully.
2023-01-16T12:22:34.371Z - [INFO   ] - Server is running at http://localhost:5000
2023-01-16T12:22:36.519Z - [INFO   ] - Database connected successfully.
2023-01-16T13:09:06.065Z - [INFO   ] - Server is running at http://localhost:5000
2023-01-16T13:09:12.215Z - [INFO   ] - Database connected successfully.
